running egg_info
creating ../build/agilexLimoROS2/agilexLimoROS2.egg-info
writing ../build/agilexLimoROS2/agilexLimoROS2.egg-info/PKG-INFO
writing dependency_links to ../build/agilexLimoROS2/agilexLimoROS2.egg-info/dependency_links.txt
writing entry points to ../build/agilexLimoROS2/agilexLimoROS2.egg-info/entry_points.txt
writing requirements to ../build/agilexLimoROS2/agilexLimoROS2.egg-info/requires.txt
writing top-level names to ../build/agilexLimoROS2/agilexLimoROS2.egg-info/top_level.txt
writing manifest file '../build/agilexLimoROS2/agilexLimoROS2.egg-info/SOURCES.txt'
reading manifest file '../build/agilexLimoROS2/agilexLimoROS2.egg-info/SOURCES.txt'
writing manifest file '../build/agilexLimoROS2/agilexLimoROS2.egg-info/SOURCES.txt'
running build
running build_py
creating /home/dericaugusto/github_rep/agilexLimo/build/agilexLimoROS2/build
creating /home/dericaugusto/github_rep/agilexLimo/build/agilexLimoROS2/build/lib
creating /home/dericaugusto/github_rep/agilexLimo/build/agilexLimoROS2/build/lib/agilexLimoROS2
copying agilexLimoROS2/__init__.py -> /home/dericaugusto/github_rep/agilexLimo/build/agilexLimoROS2/build/lib/agilexLimoROS2
running install
/usr/lib/python3/dist-packages/setuptools/command/install.py:34: SetuptoolsDeprecationWarning: setup.py install is deprecated. Use build and pip and other standards-based tools.
  warnings.warn(
running install_lib
creating /home/dericaugusto/github_rep/agilexLimo/install/agilexLimoROS2/lib/python3.10/site-packages/agilexLimoROS2
copying /home/dericaugusto/github_rep/agilexLimo/build/agilexLimoROS2/build/lib/agilexLimoROS2/__init__.py -> /home/dericaugusto/github_rep/agilexLimo/install/agilexLimoROS2/lib/python3.10/site-packages/agilexLimoROS2
byte-compiling /home/dericaugusto/github_rep/agilexLimo/install/agilexLimoROS2/lib/python3.10/site-packages/agilexLimoROS2/__init__.py to __init__.cpython-310.pyc
running install_data
creating /home/dericaugusto/github_rep/agilexLimo/install/agilexLimoROS2/share/ament_index
creating /home/dericaugusto/github_rep/agilexLimo/install/agilexLimoROS2/share/ament_index/resource_index
creating /home/dericaugusto/github_rep/agilexLimo/install/agilexLimoROS2/share/ament_index/resource_index/packages
copying resource/agilexLimoROS2 -> /home/dericaugusto/github_rep/agilexLimo/install/agilexLimoROS2/share/ament_index/resource_index/packages
copying package.xml -> /home/dericaugusto/github_rep/agilexLimo/install/agilexLimoROS2/share/agilexLimoROS2
running install_egg_info
Copying ../build/agilexLimoROS2/agilexLimoROS2.egg-info to /home/dericaugusto/github_rep/agilexLimo/install/agilexLimoROS2/lib/python3.10/site-packages/agilexLimoROS2-0.0.0-py3.10.egg-info
running install_scripts
writing list of installed files to '/home/dericaugusto/github_rep/agilexLimo/build/agilexLimoROS2/install.log'
