[2.716s] [34mcolcon[0m [1;30mDEBUG[0m [32mCommand line arguments: ['/usr/bin/colcon', 'build'][0m
[2.716s] [34mcolcon[0m [1;30mDEBUG[0m [32mParsed command line arguments: Namespace(log_base=None, log_level=None, verb_name='build', build_base='build', install_base='install', merge_install=False, symlink_install=False, test_result_base=None, continue_on_error=False, executor='parallel', parallel_workers=4, event_handlers=None, ignore_user_meta=False, metas=['./colcon.meta'], base_paths=['.'], packages_ignore=None, packages_ignore_regex=None, paths=None, packages_up_to=None, packages_up_to_regex=None, packages_above=None, packages_above_and_dependencies=None, packages_above_depth=None, packages_select_by_dep=None, packages_skip_by_dep=None, packages_skip_up_to=None, packages_select_build_failed=False, packages_skip_build_finished=False, packages_select_test_failures=False, packages_skip_test_passed=False, packages_select=None, packages_skip=None, packages_select_regex=None, packages_skip_regex=None, packages_start=None, packages_end=None, allow_overriding=[], cmake_args=None, cmake_target=None, cmake_target_skip_unavailable=False, cmake_clean_cache=False, cmake_clean_first=False, cmake_force_configure=False, ament_cmake_args=None, catkin_cmake_args=None, catkin_skip_building_tests=False, verb_parser=<colcon_defaults.argument_parser.defaults.DefaultArgumentsDecorator object at 0x7fe345aa2f20>, verb_extension=<colcon_core.verb.build.BuildVerb object at 0x7fe346e03f40>, main=<bound method BuildVerb.main of <colcon_core.verb.build.BuildVerb object at 0x7fe346e03f40>>)[0m
[2.822s] [34mcolcon.colcon_core.package_discovery[0m [1;30mLevel 1[0m discover_packages(colcon_meta) check parameters
[2.824s] [34mcolcon.colcon_core.package_discovery[0m [1;30mLevel 1[0m discover_packages(recursive) check parameters
[2.825s] [34mcolcon.colcon_core.package_discovery[0m [1;30mLevel 1[0m discover_packages(ignore) check parameters
[2.825s] [34mcolcon.colcon_core.package_discovery[0m [1;30mLevel 1[0m discover_packages(path) check parameters
[2.826s] [34mcolcon.colcon_core.package_discovery[0m [1;30mLevel 1[0m discover_packages(colcon_meta) discover
[2.827s] [34mcolcon.colcon_core.package_discovery[0m [1;30mLevel 1[0m discover_packages(recursive) discover
[2.827s] [34mcolcon.colcon_core.package_discovery[0m [1;30mINFO[0m Crawling recursively for packages in '/home/dericaugusto/WSL_code/ros2_tutorial_youtube_ws'
[2.827s] [34mcolcon.colcon_core.package_identification[0m [1;30mLevel 1[0m _identify(.) by extensions ['ignore', 'ignore_ament_install']
[2.828s] [34mcolcon.colcon_core.package_identification[0m [1;30mLevel 1[0m _identify(.) by extension 'ignore'
[2.828s] [34mcolcon.colcon_core.package_identification[0m [1;30mLevel 1[0m _identify(.) by extension 'ignore_ament_install'
[2.828s] [34mcolcon.colcon_core.package_identification[0m [1;30mLevel 1[0m _identify(.) by extensions ['colcon_pkg']
[2.828s] [34mcolcon.colcon_core.package_identification[0m [1;30mLevel 1[0m _identify(.) by extension 'colcon_pkg'
[2.828s] [34mcolcon.colcon_core.package_identification[0m [1;30mLevel 1[0m _identify(.) by extensions ['colcon_meta']
[2.828s] [34mcolcon.colcon_core.package_identification[0m [1;30mLevel 1[0m _identify(.) by extension 'colcon_meta'
[2.828s] [34mcolcon.colcon_core.package_identification[0m [1;30mLevel 1[0m _identify(.) by extensions ['ros']
[2.829s] [34mcolcon.colcon_core.package_identification[0m [1;30mLevel 1[0m _identify(.) by extension 'ros'
[2.848s] [34mcolcon.colcon_core.package_identification[0m [1;30mLevel 1[0m _identify(.) by extensions ['cmake', 'python']
[2.849s] [34mcolcon.colcon_core.package_identification[0m [1;30mLevel 1[0m _identify(.) by extension 'cmake'
[2.849s] [34mcolcon.colcon_core.package_identification[0m [1;30mLevel 1[0m _identify(.) by extension 'python'
[2.849s] [34mcolcon.colcon_core.package_identification[0m [1;30mLevel 1[0m _identify(.) by extensions ['python_setup_py']
[2.849s] [34mcolcon.colcon_core.package_identification[0m [1;30mLevel 1[0m _identify(.) by extension 'python_setup_py'
[2.849s] [34mcolcon.colcon_core.package_identification[0m [1;30mLevel 1[0m _identify(build) by extensions ['ignore', 'ignore_ament_install']
[2.849s] [34mcolcon.colcon_core.package_identification[0m [1;30mLevel 1[0m _identify(build) by extension 'ignore'
[2.850s] [34mcolcon.colcon_core.package_identification[0m [1;30mLevel 1[0m _identify(build) ignored
[2.850s] [34mcolcon.colcon_core.package_identification[0m [1;30mLevel 1[0m _identify(install) by extensions ['ignore', 'ignore_ament_install']
[2.850s] [34mcolcon.colcon_core.package_identification[0m [1;30mLevel 1[0m _identify(install) by extension 'ignore'
[2.850s] [34mcolcon.colcon_core.package_identification[0m [1;30mLevel 1[0m _identify(install) ignored
[2.850s] [34mcolcon.colcon_core.package_identification[0m [1;30mLevel 1[0m _identify(log) by extensions ['ignore', 'ignore_ament_install']
[2.850s] [34mcolcon.colcon_core.package_identification[0m [1;30mLevel 1[0m _identify(log) by extension 'ignore'
[2.851s] [34mcolcon.colcon_core.package_identification[0m [1;30mLevel 1[0m _identify(log) ignored
[2.851s] [34mcolcon.colcon_core.package_identification[0m [1;30mLevel 1[0m _identify(my_robot_controller) by extensions ['ignore', 'ignore_ament_install']
[2.851s] [34mcolcon.colcon_core.package_identification[0m [1;30mLevel 1[0m _identify(my_robot_controller) by extension 'ignore'
[2.851s] [34mcolcon.colcon_core.package_identification[0m [1;30mLevel 1[0m _identify(my_robot_controller) by extension 'ignore_ament_install'
[2.851s] [34mcolcon.colcon_core.package_identification[0m [1;30mLevel 1[0m _identify(my_robot_controller) by extensions ['colcon_pkg']
[2.851s] [34mcolcon.colcon_core.package_identification[0m [1;30mLevel 1[0m _identify(my_robot_controller) by extension 'colcon_pkg'
[2.851s] [34mcolcon.colcon_core.package_identification[0m [1;30mLevel 1[0m _identify(my_robot_controller) by extensions ['colcon_meta']
[2.851s] [34mcolcon.colcon_core.package_identification[0m [1;30mLevel 1[0m _identify(my_robot_controller) by extension 'colcon_meta'
[2.851s] [34mcolcon.colcon_core.package_identification[0m [1;30mLevel 1[0m _identify(my_robot_controller) by extensions ['ros']
[2.852s] [34mcolcon.colcon_core.package_identification[0m [1;30mLevel 1[0m _identify(my_robot_controller) by extension 'ros'
[2.857s] [34mcolcon.colcon_core.package_identification[0m [1;30mDEBUG[0m [32mPackage 'my_robot_controller' with type 'ros.ament_python' and name 'my_robot_controller'[0m
[2.858s] [34mcolcon.colcon_core.package_discovery[0m [1;30mLevel 1[0m discover_packages(recursive) using defaults
[2.858s] [34mcolcon.colcon_core.package_discovery[0m [1;30mLevel 1[0m discover_packages(ignore) discover
[2.859s] [34mcolcon.colcon_core.package_discovery[0m [1;30mLevel 1[0m discover_packages(ignore) using defaults
[2.859s] [34mcolcon.colcon_core.package_discovery[0m [1;30mLevel 1[0m discover_packages(path) discover
[2.859s] [34mcolcon.colcon_core.package_discovery[0m [1;30mLevel 1[0m discover_packages(path) using defaults
[3.045s] [34mcolcon.colcon_core.package_discovery[0m [1;30mLevel 1[0m discover_packages(prefix_path) check parameters
[3.046s] [34mcolcon.colcon_core.package_discovery[0m [1;30mLevel 1[0m discover_packages(prefix_path) discover
[3.103s] [34mcolcon.colcon_installed_package_information.package_discovery[0m [1;30mDEBUG[0m [32mFound 1 installed packages in /home/dericaugusto/WSL_code/ros2_tutorial_youtube_ws/install[0m
[3.137s] [34mcolcon.colcon_installed_package_information.package_discovery[0m [1;30mDEBUG[0m [32mFound 284 installed packages in /opt/ros/humble[0m
[3.142s] [34mcolcon.colcon_core.package_discovery[0m [1;30mLevel 1[0m discover_packages(prefix_path) using defaults
[3.414s] [34mcolcon.colcon_core.verb[0m [1;30mLevel 5[0m set package 'my_robot_controller' build argument 'cmake_args' from command line to 'None'
[3.415s] [34mcolcon.colcon_core.verb[0m [1;30mLevel 5[0m set package 'my_robot_controller' build argument 'cmake_target' from command line to 'None'
[3.415s] [34mcolcon.colcon_core.verb[0m [1;30mLevel 5[0m set package 'my_robot_controller' build argument 'cmake_target_skip_unavailable' from command line to 'False'
[3.415s] [34mcolcon.colcon_core.verb[0m [1;30mLevel 5[0m set package 'my_robot_controller' build argument 'cmake_clean_cache' from command line to 'False'
[3.415s] [34mcolcon.colcon_core.verb[0m [1;30mLevel 5[0m set package 'my_robot_controller' build argument 'cmake_clean_first' from command line to 'False'
[3.415s] [34mcolcon.colcon_core.verb[0m [1;30mLevel 5[0m set package 'my_robot_controller' build argument 'cmake_force_configure' from command line to 'False'
[3.415s] [34mcolcon.colcon_core.verb[0m [1;30mLevel 5[0m set package 'my_robot_controller' build argument 'ament_cmake_args' from command line to 'None'
[3.415s] [34mcolcon.colcon_core.verb[0m [1;30mLevel 5[0m set package 'my_robot_controller' build argument 'catkin_cmake_args' from command line to 'None'
[3.415s] [34mcolcon.colcon_core.verb[0m [1;30mLevel 5[0m set package 'my_robot_controller' build argument 'catkin_skip_building_tests' from command line to 'False'
[3.415s] [34mcolcon.colcon_core.verb[0m [1;30mDEBUG[0m [32mBuilding package 'my_robot_controller' with the following arguments: {'ament_cmake_args': None, 'build_base': '/home/dericaugusto/WSL_code/ros2_tutorial_youtube_ws/build/my_robot_controller', 'catkin_cmake_args': None, 'catkin_skip_building_tests': False, 'cmake_args': None, 'cmake_clean_cache': False, 'cmake_clean_first': False, 'cmake_force_configure': False, 'cmake_target': None, 'cmake_target_skip_unavailable': False, 'install_base': '/home/dericaugusto/WSL_code/ros2_tutorial_youtube_ws/install/my_robot_controller', 'merge_install': False, 'path': '/home/dericaugusto/WSL_code/ros2_tutorial_youtube_ws/my_robot_controller', 'symlink_install': False, 'test_result_base': None}[0m
[3.452s] [34mcolcon.colcon_core.executor[0m [1;30mINFO[0m Executing jobs using 'parallel' executor
[3.500s] [34mcolcon.colcon_parallel_executor.executor.parallel[0m [1;30mDEBUG[0m [32mrun_until_complete[0m
[3.500s] [34mcolcon.colcon_ros.task.ament_python.build[0m [1;30mINFO[0m Building ROS package in '/home/dericaugusto/WSL_code/ros2_tutorial_youtube_ws/my_robot_controller' with build type 'ament_python'
[3.501s] [34mcolcon.colcon_core.shell[0m [1;30mLevel 1[0m create_environment_hook('my_robot_controller', 'ament_prefix_path')
[3.564s] [34mcolcon.colcon_core.plugin_system[0m [1;30mINFO[0m Skipping extension 'colcon_core.shell.bat': Not used on non-Windows systems
[3.565s] [34mcolcon.colcon_core.shell[0m [1;30mINFO[0m Creating environment hook '/home/dericaugusto/WSL_code/ros2_tutorial_youtube_ws/install/my_robot_controller/share/my_robot_controller/hook/ament_prefix_path.ps1'
[3.565s] [34mcolcon.colcon_core.shell[0m [1;30mINFO[0m Creating environment descriptor '/home/dericaugusto/WSL_code/ros2_tutorial_youtube_ws/install/my_robot_controller/share/my_robot_controller/hook/ament_prefix_path.dsv'
[3.566s] [34mcolcon.colcon_core.shell[0m [1;30mINFO[0m Creating environment hook '/home/dericaugusto/WSL_code/ros2_tutorial_youtube_ws/install/my_robot_controller/share/my_robot_controller/hook/ament_prefix_path.sh'
[3.599s] [34mcolcon.colcon_core.shell[0m [1;30mINFO[0m Skip shell extension 'powershell' for command environment: Not usable outside of PowerShell
[3.599s] [34mcolcon.colcon_core.shell[0m [1;30mDEBUG[0m [32mSkip shell extension 'dsv' for command environment[0m
[5.101s] [34mcolcon.colcon_core.task.python.build[0m [1;30mINFO[0m Building Python package in '/home/dericaugusto/WSL_code/ros2_tutorial_youtube_ws/my_robot_controller'
[5.276s] [34mcolcon.colcon_core.shell[0m [1;30mINFO[0m Skip shell extension 'powershell' for command environment: Not usable outside of PowerShell
[5.286s] [34mcolcon.colcon_core.shell[0m [1;30mDEBUG[0m [32mSkip shell extension 'dsv' for command environment[0m
[8.485s] [34mcolcon.colcon_core.event_handler.log_command[0m [1;30mDEBUG[0m [32mInvoking command in '/home/dericaugusto/WSL_code/ros2_tutorial_youtube_ws/my_robot_controller': PYTHONPATH=/home/dericaugusto/WSL_code/ros2_tutorial_youtube_ws/build/my_robot_controller/prefix_override:/home/dericaugusto/WSL_code/ros2_tutorial_youtube_ws/install/my_robot_controller/lib/python3.10/site-packages:${PYTHONPATH} /usr/bin/python3 setup.py egg_info --egg-base ../build/my_robot_controller build --build-base /home/dericaugusto/WSL_code/ros2_tutorial_youtube_ws/build/my_robot_controller/build install --record /home/dericaugusto/WSL_code/ros2_tutorial_youtube_ws/build/my_robot_controller/install.log --single-version-externally-managed[0m
[10.360s] [34mcolcon.colcon_core.event_handler.log_command[0m [1;30mDEBUG[0m [32mInvoked command in '/home/dericaugusto/WSL_code/ros2_tutorial_youtube_ws/my_robot_controller' returned '0': PYTHONPATH=/home/dericaugusto/WSL_code/ros2_tutorial_youtube_ws/build/my_robot_controller/prefix_override:/home/dericaugusto/WSL_code/ros2_tutorial_youtube_ws/install/my_robot_controller/lib/python3.10/site-packages:${PYTHONPATH} /usr/bin/python3 setup.py egg_info --egg-base ../build/my_robot_controller build --build-base /home/dericaugusto/WSL_code/ros2_tutorial_youtube_ws/build/my_robot_controller/build install --record /home/dericaugusto/WSL_code/ros2_tutorial_youtube_ws/build/my_robot_controller/install.log --single-version-externally-managed[0m
[10.467s] [34mcolcon.colcon_core.environment[0m [1;30mLevel 1[0m checking '/home/dericaugusto/WSL_code/ros2_tutorial_youtube_ws/install/my_robot_controller' for CMake module files
[10.468s] [34mcolcon.colcon_core.environment[0m [1;30mLevel 1[0m checking '/home/dericaugusto/WSL_code/ros2_tutorial_youtube_ws/install/my_robot_controller' for CMake config files
[10.469s] [34mcolcon.colcon_core.environment[0m [1;30mLevel 1[0m checking '/home/dericaugusto/WSL_code/ros2_tutorial_youtube_ws/install/my_robot_controller/lib'
[10.470s] [34mcolcon.colcon_core.environment[0m [1;30mLevel 1[0m checking '/home/dericaugusto/WSL_code/ros2_tutorial_youtube_ws/install/my_robot_controller/bin'
[10.471s] [34mcolcon.colcon_core.environment[0m [1;30mLevel 1[0m checking '/home/dericaugusto/WSL_code/ros2_tutorial_youtube_ws/install/my_robot_controller/lib/pkgconfig/my_robot_controller.pc'
[10.475s] [34mcolcon.colcon_core.environment[0m [1;30mLevel 1[0m checking '/home/dericaugusto/WSL_code/ros2_tutorial_youtube_ws/install/my_robot_controller/lib/python3.10/site-packages'
[10.477s] [34mcolcon.colcon_core.shell[0m [1;30mLevel 1[0m create_environment_hook('my_robot_controller', 'pythonpath')
[10.528s] [34mcolcon.colcon_core.shell[0m [1;30mINFO[0m Creating environment hook '/home/dericaugusto/WSL_code/ros2_tutorial_youtube_ws/install/my_robot_controller/share/my_robot_controller/hook/pythonpath.ps1'
[10.529s] [34mcolcon.colcon_core.shell[0m [1;30mINFO[0m Creating environment descriptor '/home/dericaugusto/WSL_code/ros2_tutorial_youtube_ws/install/my_robot_controller/share/my_robot_controller/hook/pythonpath.dsv'
[10.531s] [34mcolcon.colcon_core.shell[0m [1;30mINFO[0m Creating environment hook '/home/dericaugusto/WSL_code/ros2_tutorial_youtube_ws/install/my_robot_controller/share/my_robot_controller/hook/pythonpath.sh'
[10.533s] [34mcolcon.colcon_core.environment[0m [1;30mLevel 1[0m checking '/home/dericaugusto/WSL_code/ros2_tutorial_youtube_ws/install/my_robot_controller/bin'
[10.535s] [34mcolcon.colcon_core.environment[0m [1;30mLevel 1[0m create_environment_scripts_only(my_robot_controller)
[10.597s] [34mcolcon.colcon_core.shell[0m [1;30mINFO[0m Creating package script '/home/dericaugusto/WSL_code/ros2_tutorial_youtube_ws/install/my_robot_controller/share/my_robot_controller/package.ps1'
[10.598s] [34mcolcon.colcon_core.shell[0m [1;30mINFO[0m Creating package descriptor '/home/dericaugusto/WSL_code/ros2_tutorial_youtube_ws/install/my_robot_controller/share/my_robot_controller/package.dsv'
[10.599s] [34mcolcon.colcon_core.shell[0m [1;30mINFO[0m Creating package script '/home/dericaugusto/WSL_code/ros2_tutorial_youtube_ws/install/my_robot_controller/share/my_robot_controller/package.sh'
[10.600s] [34mcolcon.colcon_core.shell[0m [1;30mINFO[0m Creating package script '/home/dericaugusto/WSL_code/ros2_tutorial_youtube_ws/install/my_robot_controller/share/my_robot_controller/package.bash'
[10.601s] [34mcolcon.colcon_core.shell[0m [1;30mINFO[0m Creating package script '/home/dericaugusto/WSL_code/ros2_tutorial_youtube_ws/install/my_robot_controller/share/my_robot_controller/package.zsh'
[10.605s] [34mcolcon.colcon_core.environment[0m [1;30mLevel 1[0m create_file_with_runtime_dependencies(/home/dericaugusto/WSL_code/ros2_tutorial_youtube_ws/install/my_robot_controller/share/colcon-core/packages/my_robot_controller)
[10.607s] [34mcolcon.colcon_parallel_executor.executor.parallel[0m [1;30mDEBUG[0m [32mclosing loop[0m
[10.609s] [34mcolcon.colcon_parallel_executor.executor.parallel[0m [1;30mDEBUG[0m [32mloop closed[0m
[10.610s] [34mcolcon.colcon_parallel_executor.executor.parallel[0m [1;30mDEBUG[0m [32mrun_until_complete finished with '0'[0m
[10.611s] [34mcolcon.colcon_core.event_reactor[0m [1;30mDEBUG[0m [32mjoining thread[0m
[10.679s] [34mcolcon.colcon_core.plugin_system[0m [1;30mINFO[0m Skipping extension 'colcon_notification.desktop_notification.terminal_notifier': Not used on non-Darwin systems
[10.679s] [34mcolcon.colcon_core.plugin_system[0m [1;30mINFO[0m Skipping extension 'colcon_notification.desktop_notification.win32': Not used on non-Windows systems
[10.679s] [34mcolcon.colcon_notification.desktop_notification[0m [1;30mINFO[0m Sending desktop notification using 'notify2'
[10.679s] [34mcolcon.colcon_notification.desktop_notification.notify2[0m [1;30mDEBUG[0m [32mFailed to initialize notify2: org.freedesktop.DBus.Error.FileNotFound: Failed to connect to socket /run/user/1000/bus: No such file or directory[0m
[10.679s] [34mcolcon.colcon_core.event_reactor[0m [1;30mDEBUG[0m [32mjoined thread[0m
[10.716s] [34mcolcon.colcon_core.shell[0m [1;30mINFO[0m Creating prefix script '/home/dericaugusto/WSL_code/ros2_tutorial_youtube_ws/install/local_setup.ps1'
[10.717s] [34mcolcon.colcon_core.shell[0m [1;30mINFO[0m Creating prefix util module '/home/dericaugusto/WSL_code/ros2_tutorial_youtube_ws/install/_local_setup_util_ps1.py'
[10.724s] [34mcolcon.colcon_core.shell[0m [1;30mINFO[0m Creating prefix chain script '/home/dericaugusto/WSL_code/ros2_tutorial_youtube_ws/install/setup.ps1'
[10.758s] [34mcolcon.colcon_core.shell[0m [1;30mINFO[0m Creating prefix script '/home/dericaugusto/WSL_code/ros2_tutorial_youtube_ws/install/local_setup.sh'
[10.759s] [34mcolcon.colcon_core.shell[0m [1;30mINFO[0m Creating prefix util module '/home/dericaugusto/WSL_code/ros2_tutorial_youtube_ws/install/_local_setup_util_sh.py'
[10.760s] [34mcolcon.colcon_core.shell[0m [1;30mINFO[0m Creating prefix chain script '/home/dericaugusto/WSL_code/ros2_tutorial_youtube_ws/install/setup.sh'
[10.788s] [34mcolcon.colcon_core.shell[0m [1;30mINFO[0m Creating prefix script '/home/dericaugusto/WSL_code/ros2_tutorial_youtube_ws/install/local_setup.bash'
[10.790s] [34mcolcon.colcon_core.shell[0m [1;30mINFO[0m Creating prefix chain script '/home/dericaugusto/WSL_code/ros2_tutorial_youtube_ws/install/setup.bash'
[10.811s] [34mcolcon.colcon_core.shell[0m [1;30mINFO[0m Creating prefix script '/home/dericaugusto/WSL_code/ros2_tutorial_youtube_ws/install/local_setup.zsh'
[10.811s] [34mcolcon.colcon_core.shell[0m [1;30mINFO[0m Creating prefix chain script '/home/dericaugusto/WSL_code/ros2_tutorial_youtube_ws/install/setup.zsh'
