[1.829s] [34mcolcon[0m [1;30mDEBUG[0m [32mCommand line arguments: ['/usr/bin/colcon', 'build'][0m
[1.829s] [34mcolcon[0m [1;30mDEBUG[0m [32mParsed command line arguments: Namespace(log_base=None, log_level=None, verb_name='build', build_base='build', install_base='install', merge_install=False, symlink_install=False, test_result_base=None, continue_on_error=False, executor='parallel', parallel_workers=4, event_handlers=None, ignore_user_meta=False, metas=['./colcon.meta'], base_paths=['.'], packages_ignore=None, packages_ignore_regex=None, paths=None, packages_up_to=None, packages_up_to_regex=None, packages_above=None, packages_above_and_dependencies=None, packages_above_depth=None, packages_select_by_dep=None, packages_skip_by_dep=None, packages_skip_up_to=None, packages_select_build_failed=False, packages_skip_build_finished=False, packages_select_test_failures=False, packages_skip_test_passed=False, packages_select=None, packages_skip=None, packages_select_regex=None, packages_skip_regex=None, packages_start=None, packages_end=None, allow_overriding=[], cmake_args=None, cmake_target=None, cmake_target_skip_unavailable=False, cmake_clean_cache=False, cmake_clean_first=False, cmake_force_configure=False, ament_cmake_args=None, catkin_cmake_args=None, catkin_skip_building_tests=False, verb_parser=<colcon_defaults.argument_parser.defaults.DefaultArgumentsDecorator object at 0x7fe40f79a5c0>, verb_extension=<colcon_core.verb.build.BuildVerb object at 0x7fe410b13f40>, main=<bound method BuildVerb.main of <colcon_core.verb.build.BuildVerb object at 0x7fe410b13f40>>)[0m
[1.928s] [34mcolcon.colcon_core.package_discovery[0m [1;30mLevel 1[0m discover_packages(colcon_meta) check parameters
[1.928s] [34mcolcon.colcon_core.package_discovery[0m [1;30mLevel 1[0m discover_packages(recursive) check parameters
[1.928s] [34mcolcon.colcon_core.package_discovery[0m [1;30mLevel 1[0m discover_packages(ignore) check parameters
[1.928s] [34mcolcon.colcon_core.package_discovery[0m [1;30mLevel 1[0m discover_packages(path) check parameters
[1.928s] [34mcolcon.colcon_core.package_discovery[0m [1;30mLevel 1[0m discover_packages(colcon_meta) discover
[1.928s] [34mcolcon.colcon_core.package_discovery[0m [1;30mLevel 1[0m discover_packages(recursive) discover
[1.929s] [34mcolcon.colcon_core.package_discovery[0m [1;30mINFO[0m Crawling recursively for packages in '/home/dericaugusto/github_rep/agilexLimo'
[1.929s] [34mcolcon.colcon_core.package_identification[0m [1;30mLevel 1[0m _identify(.) by extensions ['ignore', 'ignore_ament_install']
[1.929s] [34mcolcon.colcon_core.package_identification[0m [1;30mLevel 1[0m _identify(.) by extension 'ignore'
[1.929s] [34mcolcon.colcon_core.package_identification[0m [1;30mLevel 1[0m _identify(.) by extension 'ignore_ament_install'
[1.929s] [34mcolcon.colcon_core.package_identification[0m [1;30mLevel 1[0m _identify(.) by extensions ['colcon_pkg']
[1.930s] [34mcolcon.colcon_core.package_identification[0m [1;30mLevel 1[0m _identify(.) by extension 'colcon_pkg'
[1.930s] [34mcolcon.colcon_core.package_identification[0m [1;30mLevel 1[0m _identify(.) by extensions ['colcon_meta']
[1.930s] [34mcolcon.colcon_core.package_identification[0m [1;30mLevel 1[0m _identify(.) by extension 'colcon_meta'
[1.930s] [34mcolcon.colcon_core.package_identification[0m [1;30mLevel 1[0m _identify(.) by extensions ['ros']
[1.930s] [34mcolcon.colcon_core.package_identification[0m [1;30mLevel 1[0m _identify(.) by extension 'ros'
[1.957s] [34mcolcon.colcon_core.package_identification[0m [1;30mLevel 1[0m _identify(.) by extensions ['cmake', 'python']
[1.957s] [34mcolcon.colcon_core.package_identification[0m [1;30mLevel 1[0m _identify(.) by extension 'cmake'
[1.957s] [34mcolcon.colcon_core.package_identification[0m [1;30mLevel 1[0m _identify(.) by extension 'python'
[1.957s] [34mcolcon.colcon_core.package_identification[0m [1;30mLevel 1[0m _identify(.) by extensions ['python_setup_py']
[1.957s] [34mcolcon.colcon_core.package_identification[0m [1;30mLevel 1[0m _identify(.) by extension 'python_setup_py'
[1.957s] [34mcolcon.colcon_core.package_identification[0m [1;30mLevel 1[0m _identify(agilexLimoROS2) by extensions ['ignore', 'ignore_ament_install']
[1.958s] [34mcolcon.colcon_core.package_identification[0m [1;30mLevel 1[0m _identify(agilexLimoROS2) by extension 'ignore'
[1.958s] [34mcolcon.colcon_core.package_identification[0m [1;30mLevel 1[0m _identify(agilexLimoROS2) by extension 'ignore_ament_install'
[1.958s] [34mcolcon.colcon_core.package_identification[0m [1;30mLevel 1[0m _identify(agilexLimoROS2) by extensions ['colcon_pkg']
[1.958s] [34mcolcon.colcon_core.package_identification[0m [1;30mLevel 1[0m _identify(agilexLimoROS2) by extension 'colcon_pkg'
[1.958s] [34mcolcon.colcon_core.package_identification[0m [1;30mLevel 1[0m _identify(agilexLimoROS2) by extensions ['colcon_meta']
[1.958s] [34mcolcon.colcon_core.package_identification[0m [1;30mLevel 1[0m _identify(agilexLimoROS2) by extension 'colcon_meta'
[1.959s] [34mcolcon.colcon_core.package_identification[0m [1;30mLevel 1[0m _identify(agilexLimoROS2) by extensions ['ros']
[1.959s] [34mcolcon.colcon_core.package_identification[0m [1;30mLevel 1[0m _identify(agilexLimoROS2) by extension 'ros'
[1.970s] [34mcolcon.colcon_core.package_identification[0m [1;30mDEBUG[0m [32mPackage 'agilexLimoROS2' with type 'ros.ament_python' and name 'agilexLimoROS2'[0m
[1.971s] [34mcolcon.colcon_core.package_identification[0m [1;30mLevel 1[0m _identify(build) by extensions ['ignore', 'ignore_ament_install']
[1.971s] [34mcolcon.colcon_core.package_identification[0m [1;30mLevel 1[0m _identify(build) by extension 'ignore'
[1.971s] [34mcolcon.colcon_core.package_identification[0m [1;30mLevel 1[0m _identify(build) ignored
[1.972s] [34mcolcon.colcon_core.package_identification[0m [1;30mLevel 1[0m _identify(fonctions_test_deplacement-capteurs) by extensions ['ignore', 'ignore_ament_install']
[1.972s] [34mcolcon.colcon_core.package_identification[0m [1;30mLevel 1[0m _identify(fonctions_test_deplacement-capteurs) by extension 'ignore'
[1.972s] [34mcolcon.colcon_core.package_identification[0m [1;30mLevel 1[0m _identify(fonctions_test_deplacement-capteurs) by extension 'ignore_ament_install'
[1.972s] [34mcolcon.colcon_core.package_identification[0m [1;30mLevel 1[0m _identify(fonctions_test_deplacement-capteurs) by extensions ['colcon_pkg']
[1.973s] [34mcolcon.colcon_core.package_identification[0m [1;30mLevel 1[0m _identify(fonctions_test_deplacement-capteurs) by extension 'colcon_pkg'
[1.973s] [34mcolcon.colcon_core.package_identification[0m [1;30mLevel 1[0m _identify(fonctions_test_deplacement-capteurs) by extensions ['colcon_meta']
[1.973s] [34mcolcon.colcon_core.package_identification[0m [1;30mLevel 1[0m _identify(fonctions_test_deplacement-capteurs) by extension 'colcon_meta'
[1.973s] [34mcolcon.colcon_core.package_identification[0m [1;30mLevel 1[0m _identify(fonctions_test_deplacement-capteurs) by extensions ['ros']
[1.973s] [34mcolcon.colcon_core.package_identification[0m [1;30mLevel 1[0m _identify(fonctions_test_deplacement-capteurs) by extension 'ros'
[1.973s] [34mcolcon.colcon_core.package_identification[0m [1;30mLevel 1[0m _identify(fonctions_test_deplacement-capteurs) by extensions ['cmake', 'python']
[1.973s] [34mcolcon.colcon_core.package_identification[0m [1;30mLevel 1[0m _identify(fonctions_test_deplacement-capteurs) by extension 'cmake'
[1.973s] [34mcolcon.colcon_core.package_identification[0m [1;30mLevel 1[0m _identify(fonctions_test_deplacement-capteurs) by extension 'python'
[1.973s] [34mcolcon.colcon_core.package_identification[0m [1;30mLevel 1[0m _identify(fonctions_test_deplacement-capteurs) by extensions ['python_setup_py']
[1.973s] [34mcolcon.colcon_core.package_identification[0m [1;30mLevel 1[0m _identify(fonctions_test_deplacement-capteurs) by extension 'python_setup_py'
[1.974s] [34mcolcon.colcon_core.package_identification[0m [1;30mLevel 1[0m _identify(install) by extensions ['ignore', 'ignore_ament_install']
[1.974s] [34mcolcon.colcon_core.package_identification[0m [1;30mLevel 1[0m _identify(install) by extension 'ignore'
[1.974s] [34mcolcon.colcon_core.package_identification[0m [1;30mLevel 1[0m _identify(install) ignored
[1.975s] [34mcolcon.colcon_core.package_identification[0m [1;30mLevel 1[0m _identify(log) by extensions ['ignore', 'ignore_ament_install']
[1.975s] [34mcolcon.colcon_core.package_identification[0m [1;30mLevel 1[0m _identify(log) by extension 'ignore'
[1.975s] [34mcolcon.colcon_core.package_identification[0m [1;30mLevel 1[0m _identify(log) ignored
[1.975s] [34mcolcon.colcon_core.package_identification[0m [1;30mLevel 1[0m _identify(project_management) by extensions ['ignore', 'ignore_ament_install']
[1.976s] [34mcolcon.colcon_core.package_identification[0m [1;30mLevel 1[0m _identify(project_management) by extension 'ignore'
[1.976s] [34mcolcon.colcon_core.package_identification[0m [1;30mLevel 1[0m _identify(project_management) by extension 'ignore_ament_install'
[1.976s] [34mcolcon.colcon_core.package_identification[0m [1;30mLevel 1[0m _identify(project_management) by extensions ['colcon_pkg']
[1.976s] [34mcolcon.colcon_core.package_identification[0m [1;30mLevel 1[0m _identify(project_management) by extension 'colcon_pkg'
[1.976s] [34mcolcon.colcon_core.package_identification[0m [1;30mLevel 1[0m _identify(project_management) by extensions ['colcon_meta']
[1.976s] [34mcolcon.colcon_core.package_identification[0m [1;30mLevel 1[0m _identify(project_management) by extension 'colcon_meta'
[1.976s] [34mcolcon.colcon_core.package_identification[0m [1;30mLevel 1[0m _identify(project_management) by extensions ['ros']
[1.976s] [34mcolcon.colcon_core.package_identification[0m [1;30mLevel 1[0m _identify(project_management) by extension 'ros'
[1.977s] [34mcolcon.colcon_core.package_identification[0m [1;30mLevel 1[0m _identify(project_management) by extensions ['cmake', 'python']
[1.977s] [34mcolcon.colcon_core.package_identification[0m [1;30mLevel 1[0m _identify(project_management) by extension 'cmake'
[1.977s] [34mcolcon.colcon_core.package_identification[0m [1;30mLevel 1[0m _identify(project_management) by extension 'python'
[1.977s] [34mcolcon.colcon_core.package_identification[0m [1;30mLevel 1[0m _identify(project_management) by extensions ['python_setup_py']
[1.977s] [34mcolcon.colcon_core.package_identification[0m [1;30mLevel 1[0m _identify(project_management) by extension 'python_setup_py'
[1.977s] [34mcolcon.colcon_core.package_identification[0m [1;30mLevel 1[0m _identify(project_resources) by extensions ['ignore', 'ignore_ament_install']
[1.977s] [34mcolcon.colcon_core.package_identification[0m [1;30mLevel 1[0m _identify(project_resources) by extension 'ignore'
[1.977s] [34mcolcon.colcon_core.package_identification[0m [1;30mLevel 1[0m _identify(project_resources) by extension 'ignore_ament_install'
[1.977s] [34mcolcon.colcon_core.package_identification[0m [1;30mLevel 1[0m _identify(project_resources) by extensions ['colcon_pkg']
[1.978s] [34mcolcon.colcon_core.package_identification[0m [1;30mLevel 1[0m _identify(project_resources) by extension 'colcon_pkg'
[1.978s] [34mcolcon.colcon_core.package_identification[0m [1;30mLevel 1[0m _identify(project_resources) by extensions ['colcon_meta']
[1.978s] [34mcolcon.colcon_core.package_identification[0m [1;30mLevel 1[0m _identify(project_resources) by extension 'colcon_meta'
[1.978s] [34mcolcon.colcon_core.package_identification[0m [1;30mLevel 1[0m _identify(project_resources) by extensions ['ros']
[1.978s] [34mcolcon.colcon_core.package_identification[0m [1;30mLevel 1[0m _identify(project_resources) by extension 'ros'
[1.978s] [34mcolcon.colcon_core.package_identification[0m [1;30mLevel 1[0m _identify(project_resources) by extensions ['cmake', 'python']
[1.978s] [34mcolcon.colcon_core.package_identification[0m [1;30mLevel 1[0m _identify(project_resources) by extension 'cmake'
[1.978s] [34mcolcon.colcon_core.package_identification[0m [1;30mLevel 1[0m _identify(project_resources) by extension 'python'
[1.978s] [34mcolcon.colcon_core.package_identification[0m [1;30mLevel 1[0m _identify(project_resources) by extensions ['python_setup_py']
[1.978s] [34mcolcon.colcon_core.package_identification[0m [1;30mLevel 1[0m _identify(project_resources) by extension 'python_setup_py'
[1.979s] [34mcolcon.colcon_core.package_identification[0m [1;30mLevel 1[0m _identify(simulation_matlab) by extensions ['ignore', 'ignore_ament_install']
[1.979s] [34mcolcon.colcon_core.package_identification[0m [1;30mLevel 1[0m _identify(simulation_matlab) by extension 'ignore'
[1.979s] [34mcolcon.colcon_core.package_identification[0m [1;30mLevel 1[0m _identify(simulation_matlab) by extension 'ignore_ament_install'
[1.979s] [34mcolcon.colcon_core.package_identification[0m [1;30mLevel 1[0m _identify(simulation_matlab) by extensions ['colcon_pkg']
[1.979s] [34mcolcon.colcon_core.package_identification[0m [1;30mLevel 1[0m _identify(simulation_matlab) by extension 'colcon_pkg'
[1.979s] [34mcolcon.colcon_core.package_identification[0m [1;30mLevel 1[0m _identify(simulation_matlab) by extensions ['colcon_meta']
[1.979s] [34mcolcon.colcon_core.package_identification[0m [1;30mLevel 1[0m _identify(simulation_matlab) by extension 'colcon_meta'
[1.980s] [34mcolcon.colcon_core.package_identification[0m [1;30mLevel 1[0m _identify(simulation_matlab) by extensions ['ros']
[1.980s] [34mcolcon.colcon_core.package_identification[0m [1;30mLevel 1[0m _identify(simulation_matlab) by extension 'ros'
[1.980s] [34mcolcon.colcon_core.package_identification[0m [1;30mLevel 1[0m _identify(simulation_matlab) by extensions ['cmake', 'python']
[1.980s] [34mcolcon.colcon_core.package_identification[0m [1;30mLevel 1[0m _identify(simulation_matlab) by extension 'cmake'
[1.980s] [34mcolcon.colcon_core.package_identification[0m [1;30mLevel 1[0m _identify(simulation_matlab) by extension 'python'
[1.980s] [34mcolcon.colcon_core.package_identification[0m [1;30mLevel 1[0m _identify(simulation_matlab) by extensions ['python_setup_py']
[1.980s] [34mcolcon.colcon_core.package_identification[0m [1;30mLevel 1[0m _identify(simulation_matlab) by extension 'python_setup_py'
[1.980s] [34mcolcon.colcon_core.package_discovery[0m [1;30mLevel 1[0m discover_packages(recursive) using defaults
[1.980s] [34mcolcon.colcon_core.package_discovery[0m [1;30mLevel 1[0m discover_packages(ignore) discover
[1.980s] [34mcolcon.colcon_core.package_discovery[0m [1;30mLevel 1[0m discover_packages(ignore) using defaults
[1.980s] [34mcolcon.colcon_core.package_discovery[0m [1;30mLevel 1[0m discover_packages(path) discover
[1.981s] [34mcolcon.colcon_core.package_discovery[0m [1;30mLevel 1[0m discover_packages(path) using defaults
[2.172s] [34mcolcon.colcon_core.package_discovery[0m [1;30mLevel 1[0m discover_packages(prefix_path) check parameters
[2.173s] [34mcolcon.colcon_core.package_discovery[0m [1;30mLevel 1[0m discover_packages(prefix_path) discover
[2.230s] [34mcolcon.colcon_installed_package_information.package_discovery[0m [1;30mDEBUG[0m [32mFound 284 installed packages in /opt/ros/humble[0m
[2.231s] [34mcolcon.colcon_core.package_discovery[0m [1;30mLevel 1[0m discover_packages(prefix_path) using defaults
[2.401s] [34mcolcon.colcon_core.verb[0m [1;30mLevel 5[0m set package 'agilexLimoROS2' build argument 'cmake_args' from command line to 'None'
[2.402s] [34mcolcon.colcon_core.verb[0m [1;30mLevel 5[0m set package 'agilexLimoROS2' build argument 'cmake_target' from command line to 'None'
[2.402s] [34mcolcon.colcon_core.verb[0m [1;30mLevel 5[0m set package 'agilexLimoROS2' build argument 'cmake_target_skip_unavailable' from command line to 'False'
[2.402s] [34mcolcon.colcon_core.verb[0m [1;30mLevel 5[0m set package 'agilexLimoROS2' build argument 'cmake_clean_cache' from command line to 'False'
[2.402s] [34mcolcon.colcon_core.verb[0m [1;30mLevel 5[0m set package 'agilexLimoROS2' build argument 'cmake_clean_first' from command line to 'False'
[2.402s] [34mcolcon.colcon_core.verb[0m [1;30mLevel 5[0m set package 'agilexLimoROS2' build argument 'cmake_force_configure' from command line to 'False'
[2.402s] [34mcolcon.colcon_core.verb[0m [1;30mLevel 5[0m set package 'agilexLimoROS2' build argument 'ament_cmake_args' from command line to 'None'
[2.402s] [34mcolcon.colcon_core.verb[0m [1;30mLevel 5[0m set package 'agilexLimoROS2' build argument 'catkin_cmake_args' from command line to 'None'
[2.402s] [34mcolcon.colcon_core.verb[0m [1;30mLevel 5[0m set package 'agilexLimoROS2' build argument 'catkin_skip_building_tests' from command line to 'False'
[2.402s] [34mcolcon.colcon_core.verb[0m [1;30mDEBUG[0m [32mBuilding package 'agilexLimoROS2' with the following arguments: {'ament_cmake_args': None, 'build_base': '/home/dericaugusto/github_rep/agilexLimo/build/agilexLimoROS2', 'catkin_cmake_args': None, 'catkin_skip_building_tests': False, 'cmake_args': None, 'cmake_clean_cache': False, 'cmake_clean_first': False, 'cmake_force_configure': False, 'cmake_target': None, 'cmake_target_skip_unavailable': False, 'install_base': '/home/dericaugusto/github_rep/agilexLimo/install/agilexLimoROS2', 'merge_install': False, 'path': '/home/dericaugusto/github_rep/agilexLimo/agilexLimoROS2', 'symlink_install': False, 'test_result_base': None}[0m
[2.428s] [34mcolcon.colcon_core.executor[0m [1;30mINFO[0m Executing jobs using 'parallel' executor
[2.466s] [34mcolcon.colcon_parallel_executor.executor.parallel[0m [1;30mDEBUG[0m [32mrun_until_complete[0m
[2.471s] [34mcolcon.colcon_ros.task.ament_python.build[0m [1;30mINFO[0m Building ROS package in '/home/dericaugusto/github_rep/agilexLimo/agilexLimoROS2' with build type 'ament_python'
[2.475s] [34mcolcon.colcon_core.shell[0m [1;30mLevel 1[0m create_environment_hook('agilexLimoROS2', 'ament_prefix_path')
[2.507s] [34mcolcon.colcon_core.plugin_system[0m [1;30mINFO[0m Skipping extension 'colcon_core.shell.bat': Not used on non-Windows systems
[2.507s] [34mcolcon.colcon_core.shell[0m [1;30mINFO[0m Creating environment hook '/home/dericaugusto/github_rep/agilexLimo/install/agilexLimoROS2/share/agilexLimoROS2/hook/ament_prefix_path.ps1'
[2.509s] [34mcolcon.colcon_core.shell[0m [1;30mINFO[0m Creating environment descriptor '/home/dericaugusto/github_rep/agilexLimo/install/agilexLimoROS2/share/agilexLimoROS2/hook/ament_prefix_path.dsv'
[2.511s] [34mcolcon.colcon_core.shell[0m [1;30mINFO[0m Creating environment hook '/home/dericaugusto/github_rep/agilexLimo/install/agilexLimoROS2/share/agilexLimoROS2/hook/ament_prefix_path.sh'
[2.532s] [34mcolcon.colcon_core.shell[0m [1;30mINFO[0m Skip shell extension 'powershell' for command environment: Not usable outside of PowerShell
[2.533s] [34mcolcon.colcon_core.shell[0m [1;30mDEBUG[0m [32mSkip shell extension 'dsv' for command environment[0m
[2.924s] [34mcolcon.colcon_core.task.python.build[0m [1;30mINFO[0m Building Python package in '/home/dericaugusto/github_rep/agilexLimo/agilexLimoROS2'
[2.943s] [34mcolcon.colcon_core.shell[0m [1;30mINFO[0m Skip shell extension 'powershell' for command environment: Not usable outside of PowerShell
[2.943s] [34mcolcon.colcon_core.shell[0m [1;30mDEBUG[0m [32mSkip shell extension 'dsv' for command environment[0m
[3.610s] [34mcolcon.colcon_core.event_handler.log_command[0m [1;30mDEBUG[0m [32mInvoking command in '/home/dericaugusto/github_rep/agilexLimo/agilexLimoROS2': PYTHONPATH=/home/dericaugusto/github_rep/agilexLimo/build/agilexLimoROS2/prefix_override:/home/dericaugusto/github_rep/agilexLimo/install/agilexLimoROS2/lib/python3.10/site-packages:${PYTHONPATH} /usr/bin/python3 setup.py egg_info --egg-base ../build/agilexLimoROS2 build --build-base /home/dericaugusto/github_rep/agilexLimo/build/agilexLimoROS2/build install --record /home/dericaugusto/github_rep/agilexLimo/build/agilexLimoROS2/install.log --single-version-externally-managed[0m
[4.131s] [34mcolcon.colcon_core.event_handler.log_command[0m [1;30mDEBUG[0m [32mInvoked command in '/home/dericaugusto/github_rep/agilexLimo/agilexLimoROS2' returned '0': PYTHONPATH=/home/dericaugusto/github_rep/agilexLimo/build/agilexLimoROS2/prefix_override:/home/dericaugusto/github_rep/agilexLimo/install/agilexLimoROS2/lib/python3.10/site-packages:${PYTHONPATH} /usr/bin/python3 setup.py egg_info --egg-base ../build/agilexLimoROS2 build --build-base /home/dericaugusto/github_rep/agilexLimo/build/agilexLimoROS2/build install --record /home/dericaugusto/github_rep/agilexLimo/build/agilexLimoROS2/install.log --single-version-externally-managed[0m
[4.176s] [34mcolcon.colcon_core.environment[0m [1;30mLevel 1[0m checking '/home/dericaugusto/github_rep/agilexLimo/install/agilexLimoROS2' for CMake module files
[4.176s] [34mcolcon.colcon_core.environment[0m [1;30mLevel 1[0m checking '/home/dericaugusto/github_rep/agilexLimo/install/agilexLimoROS2' for CMake config files
[4.177s] [34mcolcon.colcon_core.environment[0m [1;30mLevel 1[0m checking '/home/dericaugusto/github_rep/agilexLimo/install/agilexLimoROS2/lib'
[4.178s] [34mcolcon.colcon_core.environment[0m [1;30mLevel 1[0m checking '/home/dericaugusto/github_rep/agilexLimo/install/agilexLimoROS2/bin'
[4.178s] [34mcolcon.colcon_core.environment[0m [1;30mLevel 1[0m checking '/home/dericaugusto/github_rep/agilexLimo/install/agilexLimoROS2/lib/pkgconfig/agilexLimoROS2.pc'
[4.178s] [34mcolcon.colcon_core.environment[0m [1;30mLevel 1[0m checking '/home/dericaugusto/github_rep/agilexLimo/install/agilexLimoROS2/lib/python3.10/site-packages'
[4.179s] [34mcolcon.colcon_core.shell[0m [1;30mLevel 1[0m create_environment_hook('agilexLimoROS2', 'pythonpath')
[4.217s] [34mcolcon.colcon_core.shell[0m [1;30mINFO[0m Creating environment hook '/home/dericaugusto/github_rep/agilexLimo/install/agilexLimoROS2/share/agilexLimoROS2/hook/pythonpath.ps1'
[4.227s] [34mcolcon.colcon_core.shell[0m [1;30mINFO[0m Creating environment descriptor '/home/dericaugusto/github_rep/agilexLimo/install/agilexLimoROS2/share/agilexLimoROS2/hook/pythonpath.dsv'
[4.228s] [34mcolcon.colcon_core.shell[0m [1;30mINFO[0m Creating environment hook '/home/dericaugusto/github_rep/agilexLimo/install/agilexLimoROS2/share/agilexLimoROS2/hook/pythonpath.sh'
[4.229s] [34mcolcon.colcon_core.environment[0m [1;30mLevel 1[0m checking '/home/dericaugusto/github_rep/agilexLimo/install/agilexLimoROS2/bin'
[4.230s] [34mcolcon.colcon_core.environment[0m [1;30mLevel 1[0m create_environment_scripts_only(agilexLimoROS2)
[4.263s] [34mcolcon.colcon_core.shell[0m [1;30mINFO[0m Creating package script '/home/dericaugusto/github_rep/agilexLimo/install/agilexLimoROS2/share/agilexLimoROS2/package.ps1'
[4.268s] [34mcolcon.colcon_core.shell[0m [1;30mINFO[0m Creating package descriptor '/home/dericaugusto/github_rep/agilexLimo/install/agilexLimoROS2/share/agilexLimoROS2/package.dsv'
[4.270s] [34mcolcon.colcon_core.shell[0m [1;30mINFO[0m Creating package script '/home/dericaugusto/github_rep/agilexLimo/install/agilexLimoROS2/share/agilexLimoROS2/package.sh'
[4.272s] [34mcolcon.colcon_core.shell[0m [1;30mINFO[0m Creating package script '/home/dericaugusto/github_rep/agilexLimo/install/agilexLimoROS2/share/agilexLimoROS2/package.bash'
[4.276s] [34mcolcon.colcon_core.shell[0m [1;30mINFO[0m Creating package script '/home/dericaugusto/github_rep/agilexLimo/install/agilexLimoROS2/share/agilexLimoROS2/package.zsh'
[4.278s] [34mcolcon.colcon_core.environment[0m [1;30mLevel 1[0m create_file_with_runtime_dependencies(/home/dericaugusto/github_rep/agilexLimo/install/agilexLimoROS2/share/colcon-core/packages/agilexLimoROS2)
[4.279s] [34mcolcon.colcon_parallel_executor.executor.parallel[0m [1;30mDEBUG[0m [32mclosing loop[0m
[4.281s] [34mcolcon.colcon_parallel_executor.executor.parallel[0m [1;30mDEBUG[0m [32mloop closed[0m
[4.281s] [34mcolcon.colcon_parallel_executor.executor.parallel[0m [1;30mDEBUG[0m [32mrun_until_complete finished with '0'[0m
[4.285s] [34mcolcon.colcon_core.event_reactor[0m [1;30mDEBUG[0m [32mjoining thread[0m
[4.340s] [34mcolcon.colcon_core.plugin_system[0m [1;30mINFO[0m Skipping extension 'colcon_notification.desktop_notification.terminal_notifier': Not used on non-Darwin systems
[4.340s] [34mcolcon.colcon_core.plugin_system[0m [1;30mINFO[0m Skipping extension 'colcon_notification.desktop_notification.win32': Not used on non-Windows systems
[4.340s] [34mcolcon.colcon_notification.desktop_notification[0m [1;30mINFO[0m Sending desktop notification using 'notify2'
[4.341s] [34mcolcon.colcon_notification.desktop_notification.notify2[0m [1;30mDEBUG[0m [32mFailed to initialize notify2: org.freedesktop.DBus.Error.FileNotFound: Failed to connect to socket /run/user/1000/bus: No such file or directory[0m
[4.341s] [34mcolcon.colcon_core.event_reactor[0m [1;30mDEBUG[0m [32mjoined thread[0m
[4.369s] [34mcolcon.colcon_core.shell[0m [1;30mINFO[0m Creating prefix script '/home/dericaugusto/github_rep/agilexLimo/install/local_setup.ps1'
[4.371s] [34mcolcon.colcon_core.shell[0m [1;30mINFO[0m Creating prefix util module '/home/dericaugusto/github_rep/agilexLimo/install/_local_setup_util_ps1.py'
[4.374s] [34mcolcon.colcon_core.shell[0m [1;30mINFO[0m Creating prefix chain script '/home/dericaugusto/github_rep/agilexLimo/install/setup.ps1'
[4.408s] [34mcolcon.colcon_core.shell[0m [1;30mINFO[0m Creating prefix script '/home/dericaugusto/github_rep/agilexLimo/install/local_setup.sh'
[4.414s] [34mcolcon.colcon_core.shell[0m [1;30mINFO[0m Creating prefix util module '/home/dericaugusto/github_rep/agilexLimo/install/_local_setup_util_sh.py'
[4.418s] [34mcolcon.colcon_core.shell[0m [1;30mINFO[0m Creating prefix chain script '/home/dericaugusto/github_rep/agilexLimo/install/setup.sh'
[4.458s] [34mcolcon.colcon_core.shell[0m [1;30mINFO[0m Creating prefix script '/home/dericaugusto/github_rep/agilexLimo/install/local_setup.bash'
[4.459s] [34mcolcon.colcon_core.shell[0m [1;30mINFO[0m Creating prefix chain script '/home/dericaugusto/github_rep/agilexLimo/install/setup.bash'
[4.484s] [34mcolcon.colcon_core.shell[0m [1;30mINFO[0m Creating prefix script '/home/dericaugusto/github_rep/agilexLimo/install/local_setup.zsh'
[4.487s] [34mcolcon.colcon_core.shell[0m [1;30mINFO[0m Creating prefix chain script '/home/dericaugusto/github_rep/agilexLimo/install/setup.zsh'
