[1.734s] Invoking command in '/home/dericaugusto/WSL_code/ros2_tutorial_youtube_ws/build/my_robot_controller': PYTHONPATH=/home/dericaugusto/WSL_code/ros2_tutorial_youtube_ws/build/my_robot_controller/prefix_override:/home/dericaugusto/WSL_code/ros2_tutorial_youtube_ws/install/my_robot_controller/lib/python3.10/site-packages:${PYTHONPATH} /usr/bin/python3 setup.py develop --editable --build-directory /home/dericaugusto/WSL_code/ros2_tutorial_youtube_ws/build/my_robot_controller/build --no-deps install_data
[2.613s] running develop
[2.614s] /usr/lib/python3/dist-packages/setuptools/command/easy_install.py:158: EasyInstallDeprecationWarning: easy_install command is deprecated. Use build and pip and other standards-based tools.
[2.614s]   warnings.warn(
[2.617s] /usr/lib/python3/dist-packages/setuptools/command/install.py:34: SetuptoolsDeprecationWarning: setup.py install is deprecated. Use build and pip and other standards-based tools.
[2.617s]   warnings.warn(
[3.014s] running egg_info
[3.014s] writing my_robot_controller.egg-info/PKG-INFO
[3.015s] writing dependency_links to my_robot_controller.egg-info/dependency_links.txt
[3.016s] writing entry points to my_robot_controller.egg-info/entry_points.txt
[3.016s] writing requirements to my_robot_controller.egg-info/requires.txt
[3.016s] writing top-level names to my_robot_controller.egg-info/top_level.txt
[3.020s] reading manifest file 'my_robot_controller.egg-info/SOURCES.txt'
[3.022s] writing manifest file 'my_robot_controller.egg-info/SOURCES.txt'
[3.032s] running build_ext
[3.033s] Creating /home/dericaugusto/WSL_code/ros2_tutorial_youtube_ws/install/my_robot_controller/lib/python3.10/site-packages/my-robot-controller.egg-link (link to .)
[3.037s] Installing draw_circle script to /home/dericaugusto/WSL_code/ros2_tutorial_youtube_ws/install/my_robot_controller/lib/my_robot_controller
[3.037s] Installing test_node script to /home/dericaugusto/WSL_code/ros2_tutorial_youtube_ws/install/my_robot_controller/lib/my_robot_controller
[3.038s] 
[3.038s] Installed /home/dericaugusto/WSL_code/ros2_tutorial_youtube_ws/build/my_robot_controller
[3.038s] running install_data
[3.105s] Invoked command in '/home/dericaugusto/WSL_code/ros2_tutorial_youtube_ws/build/my_robot_controller' returned '0': PYTHONPATH=/home/dericaugusto/WSL_code/ros2_tutorial_youtube_ws/build/my_robot_controller/prefix_override:/home/dericaugusto/WSL_code/ros2_tutorial_youtube_ws/install/my_robot_controller/lib/python3.10/site-packages:${PYTHONPATH} /usr/bin/python3 setup.py develop --editable --build-directory /home/dericaugusto/WSL_code/ros2_tutorial_youtube_ws/build/my_robot_controller/build --no-deps install_data
