[0.988s] Invoking command in '/home/dericaugusto/github_rep/agilexLimo/ROS2package/agilexLimoROS2': PYTHONPATH=/home/dericaugusto/github_rep/agilexLimo/ROS2package/build/agilexLimoROS2/prefix_override:/home/dericaugusto/github_rep/agilexLimo/ROS2package/install/agilexLimoROS2/lib/python3.10/site-packages:${PYTHONPATH} /usr/bin/python3 setup.py egg_info --egg-base ../build/agilexLimoROS2 build --build-base /home/dericaugusto/github_rep/agilexLimo/ROS2package/build/agilexLimoROS2/build install --record /home/dericaugusto/github_rep/agilexLimo/ROS2package/build/agilexLimoROS2/install.log --single-version-externally-managed
[1.298s] running egg_info
[1.299s] writing ../build/agilexLimoROS2/agilexLimoROS2.egg-info/PKG-INFO
[1.299s] writing dependency_links to ../build/agilexLimoROS2/agilexLimoROS2.egg-info/dependency_links.txt
[1.300s] writing entry points to ../build/agilexLimoROS2/agilexLimoROS2.egg-info/entry_points.txt
[1.300s] writing requirements to ../build/agilexLimoROS2/agilexLimoROS2.egg-info/requires.txt
[1.300s] writing top-level names to ../build/agilexLimoROS2/agilexLimoROS2.egg-info/top_level.txt
[1.304s] reading manifest file '../build/agilexLimoROS2/agilexLimoROS2.egg-info/SOURCES.txt'
[1.305s] writing manifest file '../build/agilexLimoROS2/agilexLimoROS2.egg-info/SOURCES.txt'
[1.305s] running build
[1.306s] running build_py
[1.306s] /usr/lib/python3/dist-packages/setuptools/command/install.py:34: SetuptoolsDeprecationWarning: setup.py install is deprecated. Use build and pip and other standards-based tools.
[1.306s]   warnings.warn(
[1.307s] running install
[1.307s] running install_lib
[1.308s] running install_data
[1.309s] running install_egg_info
[1.311s] removing '/home/dericaugusto/github_rep/agilexLimo/ROS2package/install/agilexLimoROS2/lib/python3.10/site-packages/agilexLimoROS2-0.0.0-py3.10.egg-info' (and everything under it)
[1.312s] Copying ../build/agilexLimoROS2/agilexLimoROS2.egg-info to /home/dericaugusto/github_rep/agilexLimo/ROS2package/install/agilexLimoROS2/lib/python3.10/site-packages/agilexLimoROS2-0.0.0-py3.10.egg-info
[1.315s] running install_scripts
[1.349s] writing list of installed files to '/home/dericaugusto/github_rep/agilexLimo/ROS2package/build/agilexLimoROS2/install.log'
[1.379s] Invoked command in '/home/dericaugusto/github_rep/agilexLimo/ROS2package/agilexLimoROS2' returned '0': PYTHONPATH=/home/dericaugusto/github_rep/agilexLimo/ROS2package/build/agilexLimoROS2/prefix_override:/home/dericaugusto/github_rep/agilexLimo/ROS2package/install/agilexLimoROS2/lib/python3.10/site-packages:${PYTHONPATH} /usr/bin/python3 setup.py egg_info --egg-base ../build/agilexLimoROS2 build --build-base /home/dericaugusto/github_rep/agilexLimo/ROS2package/build/agilexLimoROS2/build install --record /home/dericaugusto/github_rep/agilexLimo/ROS2package/build/agilexLimoROS2/install.log --single-version-externally-managed
