[1.126s] Invoking command in '/home/dericaugusto/github_rep/agilexLimo/ROS2package/agilexLimoROS2': PYTHONPATH=/home/dericaugusto/github_rep/agilexLimo/ROS2package/build/agilexLimoROS2/prefix_override:/home/dericaugusto/github_rep/agilexLimo/ROS2package/install/agilexLimoROS2/lib/python3.10/site-packages:${PYTHONPATH} /usr/bin/python3 setup.py egg_info --egg-base ../build/agilexLimoROS2 build --build-base /home/dericaugusto/github_rep/agilexLimo/ROS2package/build/agilexLimoROS2/build install --record /home/dericaugusto/github_rep/agilexLimo/ROS2package/build/agilexLimoROS2/install.log --single-version-externally-managed
[1.436s] running egg_info
[1.437s] writing ../build/agilexLimoROS2/agilexLimoROS2.egg-info/PKG-INFO
[1.438s] writing dependency_links to ../build/agilexLimoROS2/agilexLimoROS2.egg-info/dependency_links.txt
[1.438s] writing entry points to ../build/agilexLimoROS2/agilexLimoROS2.egg-info/entry_points.txt
[1.438s] writing requirements to ../build/agilexLimoROS2/agilexLimoROS2.egg-info/requires.txt
[1.439s] writing top-level names to ../build/agilexLimoROS2/agilexLimoROS2.egg-info/top_level.txt
[1.442s] reading manifest file '../build/agilexLimoROS2/agilexLimoROS2.egg-info/SOURCES.txt'
[1.443s] writing manifest file '../build/agilexLimoROS2/agilexLimoROS2.egg-info/SOURCES.txt'
[1.443s] running build
[1.443s] running build_py
[1.444s] running install
[1.444s] /usr/lib/python3/dist-packages/setuptools/command/install.py:34: SetuptoolsDeprecationWarning: setup.py install is deprecated. Use build and pip and other standards-based tools.
[1.444s]   warnings.warn(
[1.445s] running install_lib
[1.447s] running install_data
[1.448s] running install_egg_info
[1.451s] removing '/home/dericaugusto/github_rep/agilexLimo/ROS2package/install/agilexLimoROS2/lib/python3.10/site-packages/agilexLimoROS2-0.0.0-py3.10.egg-info' (and everything under it)
[1.451s] Copying ../build/agilexLimoROS2/agilexLimoROS2.egg-info to /home/dericaugusto/github_rep/agilexLimo/ROS2package/install/agilexLimoROS2/lib/python3.10/site-packages/agilexLimoROS2-0.0.0-py3.10.egg-info
[1.453s] running install_scripts
[1.481s] Installing test_node script to /home/dericaugusto/github_rep/agilexLimo/ROS2package/install/agilexLimoROS2/lib/agilexLimoROS2
[1.481s] writing list of installed files to '/home/dericaugusto/github_rep/agilexLimo/ROS2package/build/agilexLimoROS2/install.log'
[1.514s] Invoked command in '/home/dericaugusto/github_rep/agilexLimo/ROS2package/agilexLimoROS2' returned '0': PYTHONPATH=/home/dericaugusto/github_rep/agilexLimo/ROS2package/build/agilexLimoROS2/prefix_override:/home/dericaugusto/github_rep/agilexLimo/ROS2package/install/agilexLimoROS2/lib/python3.10/site-packages:${PYTHONPATH} /usr/bin/python3 setup.py egg_info --egg-base ../build/agilexLimoROS2 build --build-base /home/dericaugusto/github_rep/agilexLimo/ROS2package/build/agilexLimoROS2/build install --record /home/dericaugusto/github_rep/agilexLimo/ROS2package/build/agilexLimoROS2/install.log --single-version-externally-managed
