[1.138s] Invoking command in '/home/dericaugusto/WSL_code/ros2_tutorial_youtube_ws/build/my_robot_controller': PYTHONPATH=/home/dericaugusto/WSL_code/ros2_tutorial_youtube_ws/build/my_robot_controller/prefix_override:/home/dericaugusto/WSL_code/ros2_tutorial_youtube_ws/install/my_robot_controller/lib/python3.10/site-packages:${PYTHONPATH} /usr/bin/python3 setup.py develop --uninstall --editable --build-directory /home/dericaugusto/WSL_code/ros2_tutorial_youtube_ws/build/my_robot_controller/build
[1.491s] running develop
[1.492s] /usr/lib/python3/dist-packages/setuptools/command/easy_install.py:158: EasyInstallDeprecationWarning: easy_install command is deprecated. Use build and pip and other standards-based tools.
[1.492s]   warnings.warn(
[1.494s] /usr/lib/python3/dist-packages/setuptools/command/install.py:34: SetuptoolsDeprecationWarning: setup.py install is deprecated. Use build and pip and other standards-based tools.
[1.494s]   warnings.warn(
[1.733s] Removing /home/dericaugusto/WSL_code/ros2_tutorial_youtube_ws/install/my_robot_controller/lib/python3.10/site-packages/my-robot-controller.egg-link (link to .)
[1.776s] Invoked command in '/home/dericaugusto/WSL_code/ros2_tutorial_youtube_ws/build/my_robot_controller' returned '0': PYTHONPATH=/home/dericaugusto/WSL_code/ros2_tutorial_youtube_ws/build/my_robot_controller/prefix_override:/home/dericaugusto/WSL_code/ros2_tutorial_youtube_ws/install/my_robot_controller/lib/python3.10/site-packages:${PYTHONPATH} /usr/bin/python3 setup.py develop --uninstall --editable --build-directory /home/dericaugusto/WSL_code/ros2_tutorial_youtube_ws/build/my_robot_controller/build
[1.780s] Invoking command in '/home/dericaugusto/WSL_code/ros2_tutorial_youtube_ws/my_robot_controller': PYTHONPATH=/home/dericaugusto/WSL_code/ros2_tutorial_youtube_ws/build/my_robot_controller/prefix_override:/home/dericaugusto/WSL_code/ros2_tutorial_youtube_ws/install/my_robot_controller/lib/python3.10/site-packages:${PYTHONPATH} /usr/bin/python3 setup.py egg_info --egg-base ../build/my_robot_controller build --build-base /home/dericaugusto/WSL_code/ros2_tutorial_youtube_ws/build/my_robot_controller/build install --record /home/dericaugusto/WSL_code/ros2_tutorial_youtube_ws/build/my_robot_controller/install.log --single-version-externally-managed
[2.109s] running egg_info
[2.111s] writing ../build/my_robot_controller/my_robot_controller.egg-info/PKG-INFO
[2.111s] writing dependency_links to ../build/my_robot_controller/my_robot_controller.egg-info/dependency_links.txt
[2.111s] writing entry points to ../build/my_robot_controller/my_robot_controller.egg-info/entry_points.txt
[2.112s] writing requirements to ../build/my_robot_controller/my_robot_controller.egg-info/requires.txt
[2.112s] writing top-level names to ../build/my_robot_controller/my_robot_controller.egg-info/top_level.txt
[2.115s] reading manifest file '../build/my_robot_controller/my_robot_controller.egg-info/SOURCES.txt'
[2.116s] writing manifest file '../build/my_robot_controller/my_robot_controller.egg-info/SOURCES.txt'
[2.117s] running build
[2.117s] running build_py
[2.117s] creating /home/dericaugusto/WSL_code/ros2_tutorial_youtube_ws/build/my_robot_controller/build
[2.118s] creating /home/dericaugusto/WSL_code/ros2_tutorial_youtube_ws/build/my_robot_controller/build/lib
[2.118s] creating /home/dericaugusto/WSL_code/ros2_tutorial_youtube_ws/build/my_robot_controller/build/lib/my_robot_controller
[2.119s] copying my_robot_controller/__init__.py -> /home/dericaugusto/WSL_code/ros2_tutorial_youtube_ws/build/my_robot_controller/build/lib/my_robot_controller
[2.119s] copying my_robot_controller/my_first_node.py -> /home/dericaugusto/WSL_code/ros2_tutorial_youtube_ws/build/my_robot_controller/build/lib/my_robot_controller
[2.119s] running install
[2.120s] /usr/lib/python3/dist-packages/setuptools/command/install.py:34: SetuptoolsDeprecationWarning: setup.py install is deprecated. Use build and pip and other standards-based tools.
[2.120s]   warnings.warn(
[2.120s] running install_lib
[2.120s] creating /home/dericaugusto/WSL_code/ros2_tutorial_youtube_ws/install/my_robot_controller/lib/python3.10/site-packages/my_robot_controller
[2.121s] copying /home/dericaugusto/WSL_code/ros2_tutorial_youtube_ws/build/my_robot_controller/build/lib/my_robot_controller/__init__.py -> /home/dericaugusto/WSL_code/ros2_tutorial_youtube_ws/install/my_robot_controller/lib/python3.10/site-packages/my_robot_controller
[2.121s] copying /home/dericaugusto/WSL_code/ros2_tutorial_youtube_ws/build/my_robot_controller/build/lib/my_robot_controller/my_first_node.py -> /home/dericaugusto/WSL_code/ros2_tutorial_youtube_ws/install/my_robot_controller/lib/python3.10/site-packages/my_robot_controller
[2.122s] byte-compiling /home/dericaugusto/WSL_code/ros2_tutorial_youtube_ws/install/my_robot_controller/lib/python3.10/site-packages/my_robot_controller/__init__.py to __init__.cpython-310.pyc
[2.122s] byte-compiling /home/dericaugusto/WSL_code/ros2_tutorial_youtube_ws/install/my_robot_controller/lib/python3.10/site-packages/my_robot_controller/my_first_node.py to my_first_node.cpython-310.pyc
[2.123s] running install_data
[2.124s] running install_egg_info
[2.126s] Copying ../build/my_robot_controller/my_robot_controller.egg-info to /home/dericaugusto/WSL_code/ros2_tutorial_youtube_ws/install/my_robot_controller/lib/python3.10/site-packages/my_robot_controller-0.0.0-py3.10.egg-info
[2.128s] running install_scripts
[2.156s] writing list of installed files to '/home/dericaugusto/WSL_code/ros2_tutorial_youtube_ws/build/my_robot_controller/install.log'
[2.198s] Invoked command in '/home/dericaugusto/WSL_code/ros2_tutorial_youtube_ws/my_robot_controller' returned '0': PYTHONPATH=/home/dericaugusto/WSL_code/ros2_tutorial_youtube_ws/build/my_robot_controller/prefix_override:/home/dericaugusto/WSL_code/ros2_tutorial_youtube_ws/install/my_robot_controller/lib/python3.10/site-packages:${PYTHONPATH} /usr/bin/python3 setup.py egg_info --egg-base ../build/my_robot_controller build --build-base /home/dericaugusto/WSL_code/ros2_tutorial_youtube_ws/build/my_robot_controller/build install --record /home/dericaugusto/WSL_code/ros2_tutorial_youtube_ws/build/my_robot_controller/install.log --single-version-externally-managed
