[1.047s] Invoking command in '/home/dericaugusto/WSL_code/ros2_tutorial_youtube_ws/build/my_robot_controller': PYTHONPATH=/home/dericaugusto/WSL_code/ros2_tutorial_youtube_ws/build/my_robot_controller/prefix_override:/home/dericaugusto/WSL_code/ros2_tutorial_youtube_ws/install/my_robot_controller/lib/python3.10/site-packages:${PYTHONPATH} /usr/bin/python3 setup.py develop --uninstall --editable --build-directory /home/dericaugusto/WSL_code/ros2_tutorial_youtube_ws/build/my_robot_controller/build
[1.435s] running develop
[1.435s] /usr/lib/python3/dist-packages/setuptools/command/easy_install.py:158: EasyInstallDeprecationWarning: easy_install command is deprecated. Use build and pip and other standards-based tools.
[1.436s]   warnings.warn(
[1.438s] /usr/lib/python3/dist-packages/setuptools/command/install.py:34: SetuptoolsDeprecationWarning: setup.py install is deprecated. Use build and pip and other standards-based tools.
[1.438s]   warnings.warn(
[1.652s] Removing /home/dericaugusto/WSL_code/ros2_tutorial_youtube_ws/install/my_robot_controller/lib/python3.10/site-packages/my-robot-controller.egg-link (link to .)
[1.689s] Invoked command in '/home/dericaugusto/WSL_code/ros2_tutorial_youtube_ws/build/my_robot_controller' returned '0': PYTHONPATH=/home/dericaugusto/WSL_code/ros2_tutorial_youtube_ws/build/my_robot_controller/prefix_override:/home/dericaugusto/WSL_code/ros2_tutorial_youtube_ws/install/my_robot_controller/lib/python3.10/site-packages:${PYTHONPATH} /usr/bin/python3 setup.py develop --uninstall --editable --build-directory /home/dericaugusto/WSL_code/ros2_tutorial_youtube_ws/build/my_robot_controller/build
[1.691s] Invoking command in '/home/dericaugusto/WSL_code/ros2_tutorial_youtube_ws/my_robot_controller': PYTHONPATH=/home/dericaugusto/WSL_code/ros2_tutorial_youtube_ws/build/my_robot_controller/prefix_override:/home/dericaugusto/WSL_code/ros2_tutorial_youtube_ws/install/my_robot_controller/lib/python3.10/site-packages:${PYTHONPATH} /usr/bin/python3 setup.py egg_info --egg-base ../build/my_robot_controller build --build-base /home/dericaugusto/WSL_code/ros2_tutorial_youtube_ws/build/my_robot_controller/build install --record /home/dericaugusto/WSL_code/ros2_tutorial_youtube_ws/build/my_robot_controller/install.log --single-version-externally-managed
[2.015s] running egg_info
[2.017s] writing ../build/my_robot_controller/my_robot_controller.egg-info/PKG-INFO
[2.017s] writing dependency_links to ../build/my_robot_controller/my_robot_controller.egg-info/dependency_links.txt
[2.017s] writing entry points to ../build/my_robot_controller/my_robot_controller.egg-info/entry_points.txt
[2.018s] writing requirements to ../build/my_robot_controller/my_robot_controller.egg-info/requires.txt
[2.018s] writing top-level names to ../build/my_robot_controller/my_robot_controller.egg-info/top_level.txt
[2.024s] reading manifest file '../build/my_robot_controller/my_robot_controller.egg-info/SOURCES.txt'
[2.026s] writing manifest file '../build/my_robot_controller/my_robot_controller.egg-info/SOURCES.txt'
[2.026s] running build
[2.026s] running build_py
[2.026s] copying my_robot_controller/turtle_controller.py -> /home/dericaugusto/WSL_code/ros2_tutorial_youtube_ws/build/my_robot_controller/build/lib/my_robot_controller
[2.027s] copying my_robot_controller/pose_subscriber.py -> /home/dericaugusto/WSL_code/ros2_tutorial_youtube_ws/build/my_robot_controller/build/lib/my_robot_controller
[2.028s] copying my_robot_controller/draw_circle.py -> /home/dericaugusto/WSL_code/ros2_tutorial_youtube_ws/build/my_robot_controller/build/lib/my_robot_controller
[2.029s] copying my_robot_controller/my_first_node.py -> /home/dericaugusto/WSL_code/ros2_tutorial_youtube_ws/build/my_robot_controller/build/lib/my_robot_controller
[2.031s] running install
[2.031s] /usr/lib/python3/dist-packages/setuptools/command/install.py:34: SetuptoolsDeprecationWarning: setup.py install is deprecated. Use build and pip and other standards-based tools.
[2.031s]   warnings.warn(
[2.031s] running install_lib
[2.032s] creating /home/dericaugusto/WSL_code/ros2_tutorial_youtube_ws/install/my_robot_controller/lib/python3.10/site-packages/my_robot_controller
[2.033s] copying /home/dericaugusto/WSL_code/ros2_tutorial_youtube_ws/build/my_robot_controller/build/lib/my_robot_controller/__init__.py -> /home/dericaugusto/WSL_code/ros2_tutorial_youtube_ws/install/my_robot_controller/lib/python3.10/site-packages/my_robot_controller
[2.033s] copying /home/dericaugusto/WSL_code/ros2_tutorial_youtube_ws/build/my_robot_controller/build/lib/my_robot_controller/turtle_controller.py -> /home/dericaugusto/WSL_code/ros2_tutorial_youtube_ws/install/my_robot_controller/lib/python3.10/site-packages/my_robot_controller
[2.034s] copying /home/dericaugusto/WSL_code/ros2_tutorial_youtube_ws/build/my_robot_controller/build/lib/my_robot_controller/pose_subscriber.py -> /home/dericaugusto/WSL_code/ros2_tutorial_youtube_ws/install/my_robot_controller/lib/python3.10/site-packages/my_robot_controller
[2.034s] copying /home/dericaugusto/WSL_code/ros2_tutorial_youtube_ws/build/my_robot_controller/build/lib/my_robot_controller/draw_circle.py -> /home/dericaugusto/WSL_code/ros2_tutorial_youtube_ws/install/my_robot_controller/lib/python3.10/site-packages/my_robot_controller
[2.034s] copying /home/dericaugusto/WSL_code/ros2_tutorial_youtube_ws/build/my_robot_controller/build/lib/my_robot_controller/my_first_node.py -> /home/dericaugusto/WSL_code/ros2_tutorial_youtube_ws/install/my_robot_controller/lib/python3.10/site-packages/my_robot_controller
[2.035s] byte-compiling /home/dericaugusto/WSL_code/ros2_tutorial_youtube_ws/install/my_robot_controller/lib/python3.10/site-packages/my_robot_controller/__init__.py to __init__.cpython-310.pyc
[2.035s] byte-compiling /home/dericaugusto/WSL_code/ros2_tutorial_youtube_ws/install/my_robot_controller/lib/python3.10/site-packages/my_robot_controller/turtle_controller.py to turtle_controller.cpython-310.pyc
[2.037s] byte-compiling /home/dericaugusto/WSL_code/ros2_tutorial_youtube_ws/install/my_robot_controller/lib/python3.10/site-packages/my_robot_controller/pose_subscriber.py to pose_subscriber.cpython-310.pyc
[2.038s] byte-compiling /home/dericaugusto/WSL_code/ros2_tutorial_youtube_ws/install/my_robot_controller/lib/python3.10/site-packages/my_robot_controller/draw_circle.py to draw_circle.cpython-310.pyc
[2.039s] byte-compiling /home/dericaugusto/WSL_code/ros2_tutorial_youtube_ws/install/my_robot_controller/lib/python3.10/site-packages/my_robot_controller/my_first_node.py to my_first_node.cpython-310.pyc
[2.039s] running install_data
[2.040s] running install_egg_info
[2.043s] Copying ../build/my_robot_controller/my_robot_controller.egg-info to /home/dericaugusto/WSL_code/ros2_tutorial_youtube_ws/install/my_robot_controller/lib/python3.10/site-packages/my_robot_controller-0.0.0-py3.10.egg-info
[2.045s] running install_scripts
[2.070s] Installing draw_circle script to /home/dericaugusto/WSL_code/ros2_tutorial_youtube_ws/install/my_robot_controller/lib/my_robot_controller
[2.071s] Installing pose_subscriber script to /home/dericaugusto/WSL_code/ros2_tutorial_youtube_ws/install/my_robot_controller/lib/my_robot_controller
[2.072s] Installing test_node script to /home/dericaugusto/WSL_code/ros2_tutorial_youtube_ws/install/my_robot_controller/lib/my_robot_controller
[2.072s] Installing turtle_controller script to /home/dericaugusto/WSL_code/ros2_tutorial_youtube_ws/install/my_robot_controller/lib/my_robot_controller
[2.072s] writing list of installed files to '/home/dericaugusto/WSL_code/ros2_tutorial_youtube_ws/build/my_robot_controller/install.log'
[2.102s] Invoked command in '/home/dericaugusto/WSL_code/ros2_tutorial_youtube_ws/my_robot_controller' returned '0': PYTHONPATH=/home/dericaugusto/WSL_code/ros2_tutorial_youtube_ws/build/my_robot_controller/prefix_override:/home/dericaugusto/WSL_code/ros2_tutorial_youtube_ws/install/my_robot_controller/lib/python3.10/site-packages:${PYTHONPATH} /usr/bin/python3 setup.py egg_info --egg-base ../build/my_robot_controller build --build-base /home/dericaugusto/WSL_code/ros2_tutorial_youtube_ws/build/my_robot_controller/build install --record /home/dericaugusto/WSL_code/ros2_tutorial_youtube_ws/build/my_robot_controller/install.log --single-version-externally-managed
