[3.670s] [34mcolcon[0m [1;30mDEBUG[0m [32mCommand line arguments: ['/usr/bin/colcon', 'build', '--symlink-install'][0m
[3.670s] [34mcolcon[0m [1;30mDEBUG[0m [32mParsed command line arguments: Namespace(log_base=None, log_level=None, verb_name='build', build_base='build', install_base='install', merge_install=False, symlink_install=True, test_result_base=None, continue_on_error=False, executor='parallel', parallel_workers=4, event_handlers=None, ignore_user_meta=False, metas=['./colcon.meta'], base_paths=['.'], packages_ignore=None, packages_ignore_regex=None, paths=None, packages_up_to=None, packages_up_to_regex=None, packages_above=None, packages_above_and_dependencies=None, packages_above_depth=None, packages_select_by_dep=None, packages_skip_by_dep=None, packages_skip_up_to=None, packages_select_build_failed=False, packages_skip_build_finished=False, packages_select_test_failures=False, packages_skip_test_passed=False, packages_select=None, packages_skip=None, packages_select_regex=None, packages_skip_regex=None, packages_start=None, packages_end=None, allow_overriding=[], cmake_args=None, cmake_target=None, cmake_target_skip_unavailable=False, cmake_clean_cache=False, cmake_clean_first=False, cmake_force_configure=False, ament_cmake_args=None, catkin_cmake_args=None, catkin_skip_building_tests=False, verb_parser=<colcon_defaults.argument_parser.defaults.DefaultArgumentsDecorator object at 0x7f52d21a21a0>, verb_extension=<colcon_core.verb.build.BuildVerb object at 0x7f52d34eff40>, main=<bound method BuildVerb.main of <colcon_core.verb.build.BuildVerb object at 0x7f52d34eff40>>)[0m
[3.757s] [34mcolcon.colcon_core.package_discovery[0m [1;30mLevel 1[0m discover_packages(colcon_meta) check parameters
[3.758s] [34mcolcon.colcon_core.package_discovery[0m [1;30mLevel 1[0m discover_packages(recursive) check parameters
[3.758s] [34mcolcon.colcon_core.package_discovery[0m [1;30mLevel 1[0m discover_packages(ignore) check parameters
[3.758s] [34mcolcon.colcon_core.package_discovery[0m [1;30mLevel 1[0m discover_packages(path) check parameters
[3.758s] [34mcolcon.colcon_core.package_discovery[0m [1;30mLevel 1[0m discover_packages(colcon_meta) discover
[3.758s] [34mcolcon.colcon_core.package_discovery[0m [1;30mLevel 1[0m discover_packages(recursive) discover
[3.758s] [34mcolcon.colcon_core.package_discovery[0m [1;30mINFO[0m Crawling recursively for packages in '/home/dericaugusto/WSL_code/ros2_tutorial_youtube_ws'
[3.758s] [34mcolcon.colcon_core.package_identification[0m [1;30mLevel 1[0m _identify(.) by extensions ['ignore', 'ignore_ament_install']
[3.758s] [34mcolcon.colcon_core.package_identification[0m [1;30mLevel 1[0m _identify(.) by extension 'ignore'
[3.758s] [34mcolcon.colcon_core.package_identification[0m [1;30mLevel 1[0m _identify(.) by extension 'ignore_ament_install'
[3.758s] [34mcolcon.colcon_core.package_identification[0m [1;30mLevel 1[0m _identify(.) by extensions ['colcon_pkg']
[3.758s] [34mcolcon.colcon_core.package_identification[0m [1;30mLevel 1[0m _identify(.) by extension 'colcon_pkg'
[3.759s] [34mcolcon.colcon_core.package_identification[0m [1;30mLevel 1[0m _identify(.) by extensions ['colcon_meta']
[3.759s] [34mcolcon.colcon_core.package_identification[0m [1;30mLevel 1[0m _identify(.) by extension 'colcon_meta'
[3.759s] [34mcolcon.colcon_core.package_identification[0m [1;30mLevel 1[0m _identify(.) by extensions ['ros']
[3.759s] [34mcolcon.colcon_core.package_identification[0m [1;30mLevel 1[0m _identify(.) by extension 'ros'
[3.774s] [34mcolcon.colcon_core.package_identification[0m [1;30mLevel 1[0m _identify(.) by extensions ['cmake', 'python']
[3.774s] [34mcolcon.colcon_core.package_identification[0m [1;30mLevel 1[0m _identify(.) by extension 'cmake'
[3.774s] [34mcolcon.colcon_core.package_identification[0m [1;30mLevel 1[0m _identify(.) by extension 'python'
[3.774s] [34mcolcon.colcon_core.package_identification[0m [1;30mLevel 1[0m _identify(.) by extensions ['python_setup_py']
[3.774s] [34mcolcon.colcon_core.package_identification[0m [1;30mLevel 1[0m _identify(.) by extension 'python_setup_py'
[3.775s] [34mcolcon.colcon_core.package_identification[0m [1;30mLevel 1[0m _identify(build) by extensions ['ignore', 'ignore_ament_install']
[3.775s] [34mcolcon.colcon_core.package_identification[0m [1;30mLevel 1[0m _identify(build) by extension 'ignore'
[3.775s] [34mcolcon.colcon_core.package_identification[0m [1;30mLevel 1[0m _identify(build) ignored
[3.775s] [34mcolcon.colcon_core.package_identification[0m [1;30mLevel 1[0m _identify(install) by extensions ['ignore', 'ignore_ament_install']
[3.775s] [34mcolcon.colcon_core.package_identification[0m [1;30mLevel 1[0m _identify(install) by extension 'ignore'
[3.775s] [34mcolcon.colcon_core.package_identification[0m [1;30mLevel 1[0m _identify(install) ignored
[3.776s] [34mcolcon.colcon_core.package_identification[0m [1;30mLevel 1[0m _identify(log) by extensions ['ignore', 'ignore_ament_install']
[3.776s] [34mcolcon.colcon_core.package_identification[0m [1;30mLevel 1[0m _identify(log) by extension 'ignore'
[3.776s] [34mcolcon.colcon_core.package_identification[0m [1;30mLevel 1[0m _identify(log) ignored
[3.776s] [34mcolcon.colcon_core.package_identification[0m [1;30mLevel 1[0m _identify(my_robot_controller) by extensions ['ignore', 'ignore_ament_install']
[3.776s] [34mcolcon.colcon_core.package_identification[0m [1;30mLevel 1[0m _identify(my_robot_controller) by extension 'ignore'
[3.776s] [34mcolcon.colcon_core.package_identification[0m [1;30mLevel 1[0m _identify(my_robot_controller) by extension 'ignore_ament_install'
[3.776s] [34mcolcon.colcon_core.package_identification[0m [1;30mLevel 1[0m _identify(my_robot_controller) by extensions ['colcon_pkg']
[3.776s] [34mcolcon.colcon_core.package_identification[0m [1;30mLevel 1[0m _identify(my_robot_controller) by extension 'colcon_pkg'
[3.777s] [34mcolcon.colcon_core.package_identification[0m [1;30mLevel 1[0m _identify(my_robot_controller) by extensions ['colcon_meta']
[3.777s] [34mcolcon.colcon_core.package_identification[0m [1;30mLevel 1[0m _identify(my_robot_controller) by extension 'colcon_meta'
[3.778s] [34mcolcon.colcon_core.package_identification[0m [1;30mLevel 1[0m _identify(my_robot_controller) by extensions ['ros']
[3.778s] [34mcolcon.colcon_core.package_identification[0m [1;30mLevel 1[0m _identify(my_robot_controller) by extension 'ros'
[3.781s] [34mcolcon.colcon_core.package_identification[0m [1;30mDEBUG[0m [32mPackage 'my_robot_controller' with type 'ros.ament_python' and name 'my_robot_controller'[0m
[3.782s] [34mcolcon.colcon_core.package_discovery[0m [1;30mLevel 1[0m discover_packages(recursive) using defaults
[3.782s] [34mcolcon.colcon_core.package_discovery[0m [1;30mLevel 1[0m discover_packages(ignore) discover
[3.782s] [34mcolcon.colcon_core.package_discovery[0m [1;30mLevel 1[0m discover_packages(ignore) using defaults
[3.782s] [34mcolcon.colcon_core.package_discovery[0m [1;30mLevel 1[0m discover_packages(path) discover
[3.782s] [34mcolcon.colcon_core.package_discovery[0m [1;30mLevel 1[0m discover_packages(path) using defaults
[3.915s] [34mcolcon.colcon_core.package_discovery[0m [1;30mLevel 1[0m discover_packages(prefix_path) check parameters
[3.915s] [34mcolcon.colcon_core.package_discovery[0m [1;30mLevel 1[0m discover_packages(prefix_path) discover
[3.967s] [34mcolcon.colcon_installed_package_information.package_discovery[0m [1;30mDEBUG[0m [32mFound 1 installed packages in /home/dericaugusto/WSL_code/ros2_tutorial_youtube_ws/install[0m
[3.990s] [34mcolcon.colcon_installed_package_information.package_discovery[0m [1;30mDEBUG[0m [32mFound 284 installed packages in /opt/ros/humble[0m
[3.991s] [34mcolcon.colcon_core.package_discovery[0m [1;30mLevel 1[0m discover_packages(prefix_path) using defaults
[4.144s] [34mcolcon.colcon_core.verb[0m [1;30mLevel 5[0m set package 'my_robot_controller' build argument 'cmake_args' from command line to 'None'
[4.144s] [34mcolcon.colcon_core.verb[0m [1;30mLevel 5[0m set package 'my_robot_controller' build argument 'cmake_target' from command line to 'None'
[4.144s] [34mcolcon.colcon_core.verb[0m [1;30mLevel 5[0m set package 'my_robot_controller' build argument 'cmake_target_skip_unavailable' from command line to 'False'
[4.144s] [34mcolcon.colcon_core.verb[0m [1;30mLevel 5[0m set package 'my_robot_controller' build argument 'cmake_clean_cache' from command line to 'False'
[4.144s] [34mcolcon.colcon_core.verb[0m [1;30mLevel 5[0m set package 'my_robot_controller' build argument 'cmake_clean_first' from command line to 'False'
[4.144s] [34mcolcon.colcon_core.verb[0m [1;30mLevel 5[0m set package 'my_robot_controller' build argument 'cmake_force_configure' from command line to 'False'
[4.144s] [34mcolcon.colcon_core.verb[0m [1;30mLevel 5[0m set package 'my_robot_controller' build argument 'ament_cmake_args' from command line to 'None'
[4.145s] [34mcolcon.colcon_core.verb[0m [1;30mLevel 5[0m set package 'my_robot_controller' build argument 'catkin_cmake_args' from command line to 'None'
[4.145s] [34mcolcon.colcon_core.verb[0m [1;30mLevel 5[0m set package 'my_robot_controller' build argument 'catkin_skip_building_tests' from command line to 'False'
[4.145s] [34mcolcon.colcon_core.verb[0m [1;30mDEBUG[0m [32mBuilding package 'my_robot_controller' with the following arguments: {'ament_cmake_args': None, 'build_base': '/home/dericaugusto/WSL_code/ros2_tutorial_youtube_ws/build/my_robot_controller', 'catkin_cmake_args': None, 'catkin_skip_building_tests': False, 'cmake_args': None, 'cmake_clean_cache': False, 'cmake_clean_first': False, 'cmake_force_configure': False, 'cmake_target': None, 'cmake_target_skip_unavailable': False, 'install_base': '/home/dericaugusto/WSL_code/ros2_tutorial_youtube_ws/install/my_robot_controller', 'merge_install': False, 'path': '/home/dericaugusto/WSL_code/ros2_tutorial_youtube_ws/my_robot_controller', 'symlink_install': True, 'test_result_base': None}[0m
[4.164s] [34mcolcon.colcon_core.executor[0m [1;30mINFO[0m Executing jobs using 'parallel' executor
[4.185s] [34mcolcon.colcon_parallel_executor.executor.parallel[0m [1;30mDEBUG[0m [32mrun_until_complete[0m
[4.185s] [34mcolcon.colcon_ros.task.ament_python.build[0m [1;30mINFO[0m Building ROS package in '/home/dericaugusto/WSL_code/ros2_tutorial_youtube_ws/my_robot_controller' with build type 'ament_python'
[4.186s] [34mcolcon.colcon_core.shell[0m [1;30mLevel 1[0m create_environment_hook('my_robot_controller', 'ament_prefix_path')
[4.217s] [34mcolcon.colcon_core.plugin_system[0m [1;30mINFO[0m Skipping extension 'colcon_core.shell.bat': Not used on non-Windows systems
[4.217s] [34mcolcon.colcon_core.shell[0m [1;30mINFO[0m Creating environment hook '/home/dericaugusto/WSL_code/ros2_tutorial_youtube_ws/install/my_robot_controller/share/my_robot_controller/hook/ament_prefix_path.ps1'
[4.218s] [34mcolcon.colcon_core.shell[0m [1;30mINFO[0m Creating environment descriptor '/home/dericaugusto/WSL_code/ros2_tutorial_youtube_ws/install/my_robot_controller/share/my_robot_controller/hook/ament_prefix_path.dsv'
[4.219s] [34mcolcon.colcon_core.shell[0m [1;30mINFO[0m Creating environment hook '/home/dericaugusto/WSL_code/ros2_tutorial_youtube_ws/install/my_robot_controller/share/my_robot_controller/hook/ament_prefix_path.sh'
[4.245s] [34mcolcon.colcon_core.shell[0m [1;30mINFO[0m Skip shell extension 'powershell' for command environment: Not usable outside of PowerShell
[4.245s] [34mcolcon.colcon_core.shell[0m [1;30mDEBUG[0m [32mSkip shell extension 'dsv' for command environment[0m
[4.845s] [34mcolcon.colcon_core.task.python.build[0m [1;30mINFO[0m Building Python package in '/home/dericaugusto/WSL_code/ros2_tutorial_youtube_ws/my_robot_controller'
[4.872s] [34mcolcon.colcon_core.shell[0m [1;30mINFO[0m Skip shell extension 'powershell' for command environment: Not usable outside of PowerShell
[4.872s] [34mcolcon.colcon_core.shell[0m [1;30mDEBUG[0m [32mSkip shell extension 'dsv' for command environment[0m
[5.561s] [34mcolcon.colcon_core.event_handler.log_command[0m [1;30mDEBUG[0m [32mInvoking command in '/home/dericaugusto/WSL_code/ros2_tutorial_youtube_ws/build/my_robot_controller': PYTHONPATH=/home/dericaugusto/WSL_code/ros2_tutorial_youtube_ws/build/my_robot_controller/prefix_override:/home/dericaugusto/WSL_code/ros2_tutorial_youtube_ws/install/my_robot_controller/lib/python3.10/site-packages:${PYTHONPATH} /usr/bin/python3 setup.py develop --editable --build-directory /home/dericaugusto/WSL_code/ros2_tutorial_youtube_ws/build/my_robot_controller/build --no-deps install_data[0m
[7.211s] [34mcolcon.colcon_core.shell[0m [1;30mLevel 1[0m create_environment_hook('my_robot_controller', 'pythonpath_develop')
[7.212s] [34mcolcon.colcon_core.event_handler.log_command[0m [1;30mDEBUG[0m [32mInvoked command in '/home/dericaugusto/WSL_code/ros2_tutorial_youtube_ws/build/my_robot_controller' returned '0': PYTHONPATH=/home/dericaugusto/WSL_code/ros2_tutorial_youtube_ws/build/my_robot_controller/prefix_override:/home/dericaugusto/WSL_code/ros2_tutorial_youtube_ws/install/my_robot_controller/lib/python3.10/site-packages:${PYTHONPATH} /usr/bin/python3 setup.py develop --editable --build-directory /home/dericaugusto/WSL_code/ros2_tutorial_youtube_ws/build/my_robot_controller/build --no-deps install_data[0m
[7.239s] [34mcolcon.colcon_core.shell[0m [1;30mINFO[0m Creating environment hook '/home/dericaugusto/WSL_code/ros2_tutorial_youtube_ws/build/my_robot_controller/share/my_robot_controller/hook/pythonpath_develop.ps1'
[7.240s] [34mcolcon.colcon_core.shell[0m [1;30mINFO[0m Creating environment descriptor '/home/dericaugusto/WSL_code/ros2_tutorial_youtube_ws/build/my_robot_controller/share/my_robot_controller/hook/pythonpath_develop.dsv'
[7.241s] [34mcolcon.colcon_core.shell[0m [1;30mINFO[0m Creating environment hook '/home/dericaugusto/WSL_code/ros2_tutorial_youtube_ws/build/my_robot_controller/share/my_robot_controller/hook/pythonpath_develop.sh'
[7.267s] [34mcolcon.colcon_core.environment[0m [1;30mLevel 1[0m checking '/home/dericaugusto/WSL_code/ros2_tutorial_youtube_ws/install/my_robot_controller' for CMake module files
[7.267s] [34mcolcon.colcon_core.environment[0m [1;30mLevel 1[0m checking '/home/dericaugusto/WSL_code/ros2_tutorial_youtube_ws/install/my_robot_controller' for CMake config files
[7.268s] [34mcolcon.colcon_core.environment[0m [1;30mLevel 1[0m checking '/home/dericaugusto/WSL_code/ros2_tutorial_youtube_ws/install/my_robot_controller/lib'
[7.268s] [34mcolcon.colcon_core.environment[0m [1;30mLevel 1[0m checking '/home/dericaugusto/WSL_code/ros2_tutorial_youtube_ws/install/my_robot_controller/bin'
[7.268s] [34mcolcon.colcon_core.environment[0m [1;30mLevel 1[0m checking '/home/dericaugusto/WSL_code/ros2_tutorial_youtube_ws/install/my_robot_controller/lib/pkgconfig/my_robot_controller.pc'
[7.269s] [34mcolcon.colcon_core.environment[0m [1;30mLevel 1[0m checking '/home/dericaugusto/WSL_code/ros2_tutorial_youtube_ws/install/my_robot_controller/lib/python3.10/site-packages'
[7.269s] [34mcolcon.colcon_core.shell[0m [1;30mLevel 1[0m create_environment_hook('my_robot_controller', 'pythonpath')
[7.289s] [34mcolcon.colcon_core.shell[0m [1;30mINFO[0m Creating environment hook '/home/dericaugusto/WSL_code/ros2_tutorial_youtube_ws/install/my_robot_controller/share/my_robot_controller/hook/pythonpath.ps1'
[7.290s] [34mcolcon.colcon_core.shell[0m [1;30mINFO[0m Creating environment descriptor '/home/dericaugusto/WSL_code/ros2_tutorial_youtube_ws/install/my_robot_controller/share/my_robot_controller/hook/pythonpath.dsv'
[7.290s] [34mcolcon.colcon_core.shell[0m [1;30mINFO[0m Creating environment hook '/home/dericaugusto/WSL_code/ros2_tutorial_youtube_ws/install/my_robot_controller/share/my_robot_controller/hook/pythonpath.sh'
[7.291s] [34mcolcon.colcon_core.environment[0m [1;30mLevel 1[0m checking '/home/dericaugusto/WSL_code/ros2_tutorial_youtube_ws/install/my_robot_controller/bin'
[7.291s] [34mcolcon.colcon_core.environment[0m [1;30mLevel 1[0m create_environment_scripts_only(my_robot_controller)
[7.316s] [34mcolcon.colcon_core.shell[0m [1;30mINFO[0m Creating package script '/home/dericaugusto/WSL_code/ros2_tutorial_youtube_ws/install/my_robot_controller/share/my_robot_controller/package.ps1'
[7.317s] [34mcolcon.colcon_core.shell[0m [1;30mINFO[0m Creating package descriptor '/home/dericaugusto/WSL_code/ros2_tutorial_youtube_ws/install/my_robot_controller/share/my_robot_controller/package.dsv'
[7.318s] [34mcolcon.colcon_core.shell[0m [1;30mINFO[0m Creating package script '/home/dericaugusto/WSL_code/ros2_tutorial_youtube_ws/install/my_robot_controller/share/my_robot_controller/package.sh'
[7.320s] [34mcolcon.colcon_core.shell[0m [1;30mINFO[0m Creating package script '/home/dericaugusto/WSL_code/ros2_tutorial_youtube_ws/install/my_robot_controller/share/my_robot_controller/package.bash'
[7.322s] [34mcolcon.colcon_core.shell[0m [1;30mINFO[0m Creating package script '/home/dericaugusto/WSL_code/ros2_tutorial_youtube_ws/install/my_robot_controller/share/my_robot_controller/package.zsh'
[7.323s] [34mcolcon.colcon_core.environment[0m [1;30mLevel 1[0m create_file_with_runtime_dependencies(/home/dericaugusto/WSL_code/ros2_tutorial_youtube_ws/install/my_robot_controller/share/colcon-core/packages/my_robot_controller)
[7.323s] [34mcolcon.colcon_parallel_executor.executor.parallel[0m [1;30mDEBUG[0m [32mclosing loop[0m
[7.324s] [34mcolcon.colcon_parallel_executor.executor.parallel[0m [1;30mDEBUG[0m [32mloop closed[0m
[7.325s] [34mcolcon.colcon_parallel_executor.executor.parallel[0m [1;30mDEBUG[0m [32mrun_until_complete finished with '0'[0m
[7.325s] [34mcolcon.colcon_core.event_reactor[0m [1;30mDEBUG[0m [32mjoining thread[0m
[7.365s] [34mcolcon.colcon_core.plugin_system[0m [1;30mINFO[0m Skipping extension 'colcon_notification.desktop_notification.terminal_notifier': Not used on non-Darwin systems
[7.366s] [34mcolcon.colcon_core.plugin_system[0m [1;30mINFO[0m Skipping extension 'colcon_notification.desktop_notification.win32': Not used on non-Windows systems
[7.366s] [34mcolcon.colcon_notification.desktop_notification[0m [1;30mINFO[0m Sending desktop notification using 'notify2'
[7.366s] [34mcolcon.colcon_notification.desktop_notification.notify2[0m [1;30mDEBUG[0m [32mFailed to initialize notify2: org.freedesktop.DBus.Error.FileNotFound: Failed to connect to socket /run/user/1000/bus: No such file or directory[0m
[7.366s] [34mcolcon.colcon_core.event_reactor[0m [1;30mDEBUG[0m [32mjoined thread[0m
[7.386s] [34mcolcon.colcon_core.shell[0m [1;30mINFO[0m Creating prefix script '/home/dericaugusto/WSL_code/ros2_tutorial_youtube_ws/install/local_setup.ps1'
[7.387s] [34mcolcon.colcon_core.shell[0m [1;30mINFO[0m Creating prefix util module '/home/dericaugusto/WSL_code/ros2_tutorial_youtube_ws/install/_local_setup_util_ps1.py'
[7.389s] [34mcolcon.colcon_core.shell[0m [1;30mINFO[0m Creating prefix chain script '/home/dericaugusto/WSL_code/ros2_tutorial_youtube_ws/install/setup.ps1'
[7.411s] [34mcolcon.colcon_core.shell[0m [1;30mINFO[0m Creating prefix script '/home/dericaugusto/WSL_code/ros2_tutorial_youtube_ws/install/local_setup.sh'
[7.412s] [34mcolcon.colcon_core.shell[0m [1;30mINFO[0m Creating prefix util module '/home/dericaugusto/WSL_code/ros2_tutorial_youtube_ws/install/_local_setup_util_sh.py'
[7.412s] [34mcolcon.colcon_core.shell[0m [1;30mINFO[0m Creating prefix chain script '/home/dericaugusto/WSL_code/ros2_tutorial_youtube_ws/install/setup.sh'
[7.433s] [34mcolcon.colcon_core.shell[0m [1;30mINFO[0m Creating prefix script '/home/dericaugusto/WSL_code/ros2_tutorial_youtube_ws/install/local_setup.bash'
[7.434s] [34mcolcon.colcon_core.shell[0m [1;30mINFO[0m Creating prefix chain script '/home/dericaugusto/WSL_code/ros2_tutorial_youtube_ws/install/setup.bash'
[7.459s] [34mcolcon.colcon_core.shell[0m [1;30mINFO[0m Creating prefix script '/home/dericaugusto/WSL_code/ros2_tutorial_youtube_ws/install/local_setup.zsh'
[7.460s] [34mcolcon.colcon_core.shell[0m [1;30mINFO[0m Creating prefix chain script '/home/dericaugusto/WSL_code/ros2_tutorial_youtube_ws/install/setup.zsh'
