[2.355s] Invoking command in '/home/dericaugusto/WSL_code/ros2_tutorial_youtube_ws/my_robot_controller': PYTHONPATH=/home/dericaugusto/WSL_code/ros2_tutorial_youtube_ws/build/my_robot_controller/prefix_override:/home/dericaugusto/WSL_code/ros2_tutorial_youtube_ws/install/my_robot_controller/lib/python3.10/site-packages:${PYTHONPATH} /usr/bin/python3 setup.py egg_info --egg-base ../build/my_robot_controller build --build-base /home/dericaugusto/WSL_code/ros2_tutorial_youtube_ws/build/my_robot_controller/build install --record /home/dericaugusto/WSL_code/ros2_tutorial_youtube_ws/build/my_robot_controller/install.log --single-version-externally-managed
[2.770s] running egg_info
[2.777s] writing ../build/my_robot_controller/my_robot_controller.egg-info/PKG-INFO
[2.777s] writing dependency_links to ../build/my_robot_controller/my_robot_controller.egg-info/dependency_links.txt
[2.778s] writing entry points to ../build/my_robot_controller/my_robot_controller.egg-info/entry_points.txt
[2.780s] writing requirements to ../build/my_robot_controller/my_robot_controller.egg-info/requires.txt
[2.780s] writing top-level names to ../build/my_robot_controller/my_robot_controller.egg-info/top_level.txt
[2.784s] reading manifest file '../build/my_robot_controller/my_robot_controller.egg-info/SOURCES.txt'
[2.786s] writing manifest file '../build/my_robot_controller/my_robot_controller.egg-info/SOURCES.txt'
[2.786s] running build
[2.786s] running build_py
[2.786s] copying my_robot_controller/my_first_node.py -> /home/dericaugusto/WSL_code/ros2_tutorial_youtube_ws/build/my_robot_controller/build/lib/my_robot_controller
[2.787s] running install
[2.790s] /usr/lib/python3/dist-packages/setuptools/command/install.py:34: SetuptoolsDeprecationWarning: setup.py install is deprecated. Use build and pip and other standards-based tools.
[2.790s]   warnings.warn(
[2.794s] running install_lib
[2.796s] copying /home/dericaugusto/WSL_code/ros2_tutorial_youtube_ws/build/my_robot_controller/build/lib/my_robot_controller/my_first_node.py -> /home/dericaugusto/WSL_code/ros2_tutorial_youtube_ws/install/my_robot_controller/lib/python3.10/site-packages/my_robot_controller
[2.797s] byte-compiling /home/dericaugusto/WSL_code/ros2_tutorial_youtube_ws/install/my_robot_controller/lib/python3.10/site-packages/my_robot_controller/my_first_node.py to my_first_node.cpython-310.pyc
[2.798s] running install_data
[2.799s] running install_egg_info
[2.801s] removing '/home/dericaugusto/WSL_code/ros2_tutorial_youtube_ws/install/my_robot_controller/lib/python3.10/site-packages/my_robot_controller-0.0.0-py3.10.egg-info' (and everything under it)
[2.802s] Copying ../build/my_robot_controller/my_robot_controller.egg-info to /home/dericaugusto/WSL_code/ros2_tutorial_youtube_ws/install/my_robot_controller/lib/python3.10/site-packages/my_robot_controller-0.0.0-py3.10.egg-info
[2.805s] running install_scripts
[2.902s] Installing test_node script to /home/dericaugusto/WSL_code/ros2_tutorial_youtube_ws/install/my_robot_controller/lib/my_robot_controller
[2.903s] writing list of installed files to '/home/dericaugusto/WSL_code/ros2_tutorial_youtube_ws/build/my_robot_controller/install.log'
[3.015s] Invoked command in '/home/dericaugusto/WSL_code/ros2_tutorial_youtube_ws/my_robot_controller' returned '0': PYTHONPATH=/home/dericaugusto/WSL_code/ros2_tutorial_youtube_ws/build/my_robot_controller/prefix_override:/home/dericaugusto/WSL_code/ros2_tutorial_youtube_ws/install/my_robot_controller/lib/python3.10/site-packages:${PYTHONPATH} /usr/bin/python3 setup.py egg_info --egg-base ../build/my_robot_controller build --build-base /home/dericaugusto/WSL_code/ros2_tutorial_youtube_ws/build/my_robot_controller/build install --record /home/dericaugusto/WSL_code/ros2_tutorial_youtube_ws/build/my_robot_controller/install.log --single-version-externally-managed
