[1.127s] Invoking command in '/home/dericaugusto/github_rep/agilexLimo/ROS2package/agilexLimoROS2': PYTHONPATH=/home/dericaugusto/github_rep/agilexLimo/ROS2package/build/agilexLimoROS2/prefix_override:/home/dericaugusto/github_rep/agilexLimo/ROS2package/install/agilexLimoROS2/lib/python3.10/site-packages:${PYTHONPATH} /usr/bin/python3 setup.py egg_info --egg-base ../build/agilexLimoROS2 build --build-base /home/dericaugusto/github_rep/agilexLimo/ROS2package/build/agilexLimoROS2/build install --record /home/dericaugusto/github_rep/agilexLimo/ROS2package/build/agilexLimoROS2/install.log --single-version-externally-managed
[1.475s] running egg_info
[1.476s] writing ../build/agilexLimoROS2/agilexLimoROS2.egg-info/PKG-INFO
[1.477s] writing dependency_links to ../build/agilexLimoROS2/agilexLimoROS2.egg-info/dependency_links.txt
[1.477s] writing entry points to ../build/agilexLimoROS2/agilexLimoROS2.egg-info/entry_points.txt
[1.477s] writing requirements to ../build/agilexLimoROS2/agilexLimoROS2.egg-info/requires.txt
[1.477s] writing top-level names to ../build/agilexLimoROS2/agilexLimoROS2.egg-info/top_level.txt
[1.480s] reading manifest file '../build/agilexLimoROS2/agilexLimoROS2.egg-info/SOURCES.txt'
[1.481s] writing manifest file '../build/agilexLimoROS2/agilexLimoROS2.egg-info/SOURCES.txt'
[1.482s] running build
[1.482s] running build_py
[1.482s] running install
[1.483s] /usr/lib/python3/dist-packages/setuptools/command/install.py:34: SetuptoolsDeprecationWarning: setup.py install is deprecated. Use build and pip and other standards-based tools.
[1.483s]   warnings.warn(
[1.483s] running install_lib
[1.485s] running install_data
[1.485s] running install_egg_info
[1.488s] removing '/home/dericaugusto/github_rep/agilexLimo/ROS2package/install/agilexLimoROS2/lib/python3.10/site-packages/agilexLimoROS2-0.0.0-py3.10.egg-info' (and everything under it)
[1.488s] Copying ../build/agilexLimoROS2/agilexLimoROS2.egg-info to /home/dericaugusto/github_rep/agilexLimo/ROS2package/install/agilexLimoROS2/lib/python3.10/site-packages/agilexLimoROS2-0.0.0-py3.10.egg-info
[1.490s] running install_scripts
[1.526s] Installing test_node script to /home/dericaugusto/github_rep/agilexLimo/ROS2package/install/agilexLimoROS2/lib/agilexLimoROS2
[1.526s] writing list of installed files to '/home/dericaugusto/github_rep/agilexLimo/ROS2package/build/agilexLimoROS2/install.log'
[1.563s] Invoked command in '/home/dericaugusto/github_rep/agilexLimo/ROS2package/agilexLimoROS2' returned '0': PYTHONPATH=/home/dericaugusto/github_rep/agilexLimo/ROS2package/build/agilexLimoROS2/prefix_override:/home/dericaugusto/github_rep/agilexLimo/ROS2package/install/agilexLimoROS2/lib/python3.10/site-packages:${PYTHONPATH} /usr/bin/python3 setup.py egg_info --egg-base ../build/agilexLimoROS2 build --build-base /home/dericaugusto/github_rep/agilexLimo/ROS2package/build/agilexLimoROS2/build install --record /home/dericaugusto/github_rep/agilexLimo/ROS2package/build/agilexLimoROS2/install.log --single-version-externally-managed
