[1.374s] Invoking command in '/home/dericaugusto/WSL_code/ros2_tutorial_youtube_ws/build/my_robot_controller': PYTHONPATH=/home/dericaugusto/WSL_code/ros2_tutorial_youtube_ws/build/my_robot_controller/prefix_override:/home/dericaugusto/WSL_code/ros2_tutorial_youtube_ws/install/my_robot_controller/lib/python3.10/site-packages:${PYTHONPATH} /usr/bin/python3 setup.py develop --editable --build-directory /home/dericaugusto/WSL_code/ros2_tutorial_youtube_ws/build/my_robot_controller/build --no-deps install_data
[2.378s] running develop
[2.378s] /usr/lib/python3/dist-packages/setuptools/command/easy_install.py:158: EasyInstallDeprecationWarning: easy_install command is deprecated. Use build and pip and other standards-based tools.
[2.379s]   warnings.warn(
[2.382s] /usr/lib/python3/dist-packages/setuptools/command/install.py:34: SetuptoolsDeprecationWarning: setup.py install is deprecated. Use build and pip and other standards-based tools.
[2.382s]   warnings.warn(
[2.970s] running egg_info
[2.971s] writing my_robot_controller.egg-info/PKG-INFO
[2.971s] writing dependency_links to my_robot_controller.egg-info/dependency_links.txt
[2.974s] writing entry points to my_robot_controller.egg-info/entry_points.txt
[2.974s] writing requirements to my_robot_controller.egg-info/requires.txt
[2.976s] writing top-level names to my_robot_controller.egg-info/top_level.txt
[2.979s] reading manifest file 'my_robot_controller.egg-info/SOURCES.txt'
[2.979s] writing manifest file 'my_robot_controller.egg-info/SOURCES.txt'
[2.982s] running build_ext
[2.982s] Creating /home/dericaugusto/WSL_code/ros2_tutorial_youtube_ws/install/my_robot_controller/lib/python3.10/site-packages/my-robot-controller.egg-link (link to .)
[2.984s] Installing draw_circle script to /home/dericaugusto/WSL_code/ros2_tutorial_youtube_ws/install/my_robot_controller/lib/my_robot_controller
[2.984s] Installing pose_subscriber script to /home/dericaugusto/WSL_code/ros2_tutorial_youtube_ws/install/my_robot_controller/lib/my_robot_controller
[2.984s] Installing test_node script to /home/dericaugusto/WSL_code/ros2_tutorial_youtube_ws/install/my_robot_controller/lib/my_robot_controller
[2.985s] 
[2.985s] Installed /home/dericaugusto/WSL_code/ros2_tutorial_youtube_ws/build/my_robot_controller
[2.985s] running install_data
[3.025s] Invoked command in '/home/dericaugusto/WSL_code/ros2_tutorial_youtube_ws/build/my_robot_controller' returned '0': PYTHONPATH=/home/dericaugusto/WSL_code/ros2_tutorial_youtube_ws/build/my_robot_controller/prefix_override:/home/dericaugusto/WSL_code/ros2_tutorial_youtube_ws/install/my_robot_controller/lib/python3.10/site-packages:${PYTHONPATH} /usr/bin/python3 setup.py develop --editable --build-directory /home/dericaugusto/WSL_code/ros2_tutorial_youtube_ws/build/my_robot_controller/build --no-deps install_data
