[1.525s] Invoking command in '/home/dericaugusto/WSL_code/ros2_tutorial_youtube_ws/build/my_robot_controller': PYTHONPATH=/home/dericaugusto/WSL_code/ros2_tutorial_youtube_ws/build/my_robot_controller/prefix_override:/home/dericaugusto/WSL_code/ros2_tutorial_youtube_ws/install/my_robot_controller/lib/python3.10/site-packages:${PYTHONPATH} /usr/bin/python3 setup.py develop --editable --build-directory /home/dericaugusto/WSL_code/ros2_tutorial_youtube_ws/build/my_robot_controller/build --no-deps install_data
[1.938s] running develop
[1.938s] /usr/lib/python3/dist-packages/setuptools/command/easy_install.py:158: EasyInstallDeprecationWarning: easy_install command is deprecated. Use build and pip and other standards-based tools.
[1.938s]   warnings.warn(
[1.943s] /usr/lib/python3/dist-packages/setuptools/command/install.py:34: SetuptoolsDeprecationWarning: setup.py install is deprecated. Use build and pip and other standards-based tools.
[1.943s]   warnings.warn(
[2.260s] running egg_info
[2.261s] writing my_robot_controller.egg-info/PKG-INFO
[2.261s] writing dependency_links to my_robot_controller.egg-info/dependency_links.txt
[2.261s] writing entry points to my_robot_controller.egg-info/entry_points.txt
[2.261s] writing requirements to my_robot_controller.egg-info/requires.txt
[2.262s] writing top-level names to my_robot_controller.egg-info/top_level.txt
[2.265s] reading manifest file 'my_robot_controller.egg-info/SOURCES.txt'
[2.266s] writing manifest file 'my_robot_controller.egg-info/SOURCES.txt'
[2.268s] running build_ext
[2.268s] Creating /home/dericaugusto/WSL_code/ros2_tutorial_youtube_ws/install/my_robot_controller/lib/python3.10/site-packages/my-robot-controller.egg-link (link to .)
[2.270s] Installing draw_circle script to /home/dericaugusto/WSL_code/ros2_tutorial_youtube_ws/install/my_robot_controller/lib/my_robot_controller
[2.270s] Installing pose_subscriber script to /home/dericaugusto/WSL_code/ros2_tutorial_youtube_ws/install/my_robot_controller/lib/my_robot_controller
[2.270s] Installing test_node script to /home/dericaugusto/WSL_code/ros2_tutorial_youtube_ws/install/my_robot_controller/lib/my_robot_controller
[2.270s] Installing turtle_controller script to /home/dericaugusto/WSL_code/ros2_tutorial_youtube_ws/install/my_robot_controller/lib/my_robot_controller
[2.271s] 
[2.271s] Installed /home/dericaugusto/WSL_code/ros2_tutorial_youtube_ws/build/my_robot_controller
[2.271s] running install_data
[2.306s] Invoked command in '/home/dericaugusto/WSL_code/ros2_tutorial_youtube_ws/build/my_robot_controller' returned '0': PYTHONPATH=/home/dericaugusto/WSL_code/ros2_tutorial_youtube_ws/build/my_robot_controller/prefix_override:/home/dericaugusto/WSL_code/ros2_tutorial_youtube_ws/install/my_robot_controller/lib/python3.10/site-packages:${PYTHONPATH} /usr/bin/python3 setup.py develop --editable --build-directory /home/dericaugusto/WSL_code/ros2_tutorial_youtube_ws/build/my_robot_controller/build --no-deps install_data
