[1.135s] Invoking command in '/home/dericaugusto/github_rep/agilexLimo/agilexLimoROS2': PYTHONPATH=/home/dericaugusto/github_rep/agilexLimo/build/agilexLimoROS2/prefix_override:/home/dericaugusto/github_rep/agilexLimo/install/agilexLimoROS2/lib/python3.10/site-packages:${PYTHONPATH} /usr/bin/python3 setup.py egg_info --egg-base ../build/agilexLimoROS2 build --build-base /home/dericaugusto/github_rep/agilexLimo/build/agilexLimoROS2/build install --record /home/dericaugusto/github_rep/agilexLimo/build/agilexLimoROS2/install.log --single-version-externally-managed
[1.520s] running egg_info
[1.521s] creating ../build/agilexLimoROS2/agilexLimoROS2.egg-info
[1.522s] writing ../build/agilexLimoROS2/agilexLimoROS2.egg-info/PKG-INFO
[1.523s] writing dependency_links to ../build/agilexLimoROS2/agilexLimoROS2.egg-info/dependency_links.txt
[1.523s] writing entry points to ../build/agilexLimoROS2/agilexLimoROS2.egg-info/entry_points.txt
[1.523s] writing requirements to ../build/agilexLimoROS2/agilexLimoROS2.egg-info/requires.txt
[1.523s] writing top-level names to ../build/agilexLimoROS2/agilexLimoROS2.egg-info/top_level.txt
[1.523s] writing manifest file '../build/agilexLimoROS2/agilexLimoROS2.egg-info/SOURCES.txt'
[1.532s] reading manifest file '../build/agilexLimoROS2/agilexLimoROS2.egg-info/SOURCES.txt'
[1.534s] writing manifest file '../build/agilexLimoROS2/agilexLimoROS2.egg-info/SOURCES.txt'
[1.535s] running build
[1.537s] running build_py
[1.537s] creating /home/dericaugusto/github_rep/agilexLimo/build/agilexLimoROS2/build
[1.538s] creating /home/dericaugusto/github_rep/agilexLimo/build/agilexLimoROS2/build/lib
[1.538s] creating /home/dericaugusto/github_rep/agilexLimo/build/agilexLimoROS2/build/lib/agilexLimoROS2
[1.538s] copying agilexLimoROS2/__init__.py -> /home/dericaugusto/github_rep/agilexLimo/build/agilexLimoROS2/build/lib/agilexLimoROS2
[1.538s] running install
[1.544s] /usr/lib/python3/dist-packages/setuptools/command/install.py:34: SetuptoolsDeprecationWarning: setup.py install is deprecated. Use build and pip and other standards-based tools.
[1.544s]   warnings.warn(
[1.546s] running install_lib
[1.547s] creating /home/dericaugusto/github_rep/agilexLimo/install/agilexLimoROS2/lib/python3.10/site-packages/agilexLimoROS2
[1.549s] copying /home/dericaugusto/github_rep/agilexLimo/build/agilexLimoROS2/build/lib/agilexLimoROS2/__init__.py -> /home/dericaugusto/github_rep/agilexLimo/install/agilexLimoROS2/lib/python3.10/site-packages/agilexLimoROS2
[1.550s] byte-compiling /home/dericaugusto/github_rep/agilexLimo/install/agilexLimoROS2/lib/python3.10/site-packages/agilexLimoROS2/__init__.py to __init__.cpython-310.pyc
[1.550s] running install_data
[1.552s] creating /home/dericaugusto/github_rep/agilexLimo/install/agilexLimoROS2/share/ament_index
[1.552s] creating /home/dericaugusto/github_rep/agilexLimo/install/agilexLimoROS2/share/ament_index/resource_index
[1.552s] creating /home/dericaugusto/github_rep/agilexLimo/install/agilexLimoROS2/share/ament_index/resource_index/packages
[1.554s] copying resource/agilexLimoROS2 -> /home/dericaugusto/github_rep/agilexLimo/install/agilexLimoROS2/share/ament_index/resource_index/packages
[1.554s] copying package.xml -> /home/dericaugusto/github_rep/agilexLimo/install/agilexLimoROS2/share/agilexLimoROS2
[1.554s] running install_egg_info
[1.557s] Copying ../build/agilexLimoROS2/agilexLimoROS2.egg-info to /home/dericaugusto/github_rep/agilexLimo/install/agilexLimoROS2/lib/python3.10/site-packages/agilexLimoROS2-0.0.0-py3.10.egg-info
[1.561s] running install_scripts
[1.597s] writing list of installed files to '/home/dericaugusto/github_rep/agilexLimo/build/agilexLimoROS2/install.log'
[1.656s] Invoked command in '/home/dericaugusto/github_rep/agilexLimo/agilexLimoROS2' returned '0': PYTHONPATH=/home/dericaugusto/github_rep/agilexLimo/build/agilexLimoROS2/prefix_override:/home/dericaugusto/github_rep/agilexLimo/install/agilexLimoROS2/lib/python3.10/site-packages:${PYTHONPATH} /usr/bin/python3 setup.py egg_info --egg-base ../build/agilexLimoROS2 build --build-base /home/dericaugusto/github_rep/agilexLimo/build/agilexLimoROS2/build install --record /home/dericaugusto/github_rep/agilexLimo/build/agilexLimoROS2/install.log --single-version-externally-managed
