[4.984s] Invoking command in '/home/dericaugusto/WSL_code/ros2_tutorial_youtube_ws/my_robot_controller': PYTHONPATH=/home/dericaugusto/WSL_code/ros2_tutorial_youtube_ws/build/my_robot_controller/prefix_override:/home/dericaugusto/WSL_code/ros2_tutorial_youtube_ws/install/my_robot_controller/lib/python3.10/site-packages:${PYTHONPATH} /usr/bin/python3 setup.py egg_info --egg-base ../build/my_robot_controller build --build-base /home/dericaugusto/WSL_code/ros2_tutorial_youtube_ws/build/my_robot_controller/build install --record /home/dericaugusto/WSL_code/ros2_tutorial_youtube_ws/build/my_robot_controller/install.log --single-version-externally-managed
[6.499s] running egg_info
[6.511s] writing ../build/my_robot_controller/my_robot_controller.egg-info/PKG-INFO
[6.511s] writing dependency_links to ../build/my_robot_controller/my_robot_controller.egg-info/dependency_links.txt
[6.512s] writing entry points to ../build/my_robot_controller/my_robot_controller.egg-info/entry_points.txt
[6.512s] writing requirements to ../build/my_robot_controller/my_robot_controller.egg-info/requires.txt
[6.513s] writing top-level names to ../build/my_robot_controller/my_robot_controller.egg-info/top_level.txt
[6.528s] reading manifest file '../build/my_robot_controller/my_robot_controller.egg-info/SOURCES.txt'
[6.531s] writing manifest file '../build/my_robot_controller/my_robot_controller.egg-info/SOURCES.txt'
[6.532s] running build
[6.532s] running build_py
[6.532s] copying my_robot_controller/draw_circle.py -> /home/dericaugusto/WSL_code/ros2_tutorial_youtube_ws/build/my_robot_controller/build/lib/my_robot_controller
[6.543s] running install
[6.543s] /usr/lib/python3/dist-packages/setuptools/command/install.py:34: SetuptoolsDeprecationWarning: setup.py install is deprecated. Use build and pip and other standards-based tools.
[6.543s]   warnings.warn(
[6.544s] running install_lib
[6.546s] copying /home/dericaugusto/WSL_code/ros2_tutorial_youtube_ws/build/my_robot_controller/build/lib/my_robot_controller/draw_circle.py -> /home/dericaugusto/WSL_code/ros2_tutorial_youtube_ws/install/my_robot_controller/lib/python3.10/site-packages/my_robot_controller
[6.548s] byte-compiling /home/dericaugusto/WSL_code/ros2_tutorial_youtube_ws/install/my_robot_controller/lib/python3.10/site-packages/my_robot_controller/draw_circle.py to draw_circle.cpython-310.pyc
[6.558s] running install_data
[6.559s] copying package.xml -> /home/dericaugusto/WSL_code/ros2_tutorial_youtube_ws/install/my_robot_controller/share/my_robot_controller
[6.559s] running install_egg_info
[6.563s] removing '/home/dericaugusto/WSL_code/ros2_tutorial_youtube_ws/install/my_robot_controller/lib/python3.10/site-packages/my_robot_controller-0.0.0-py3.10.egg-info' (and everything under it)
[6.574s] Copying ../build/my_robot_controller/my_robot_controller.egg-info to /home/dericaugusto/WSL_code/ros2_tutorial_youtube_ws/install/my_robot_controller/lib/python3.10/site-packages/my_robot_controller-0.0.0-py3.10.egg-info
[6.575s] running install_scripts
[6.759s] Installing draw_circle script to /home/dericaugusto/WSL_code/ros2_tutorial_youtube_ws/install/my_robot_controller/lib/my_robot_controller
[6.759s] Installing test_node script to /home/dericaugusto/WSL_code/ros2_tutorial_youtube_ws/install/my_robot_controller/lib/my_robot_controller
[6.759s] writing list of installed files to '/home/dericaugusto/WSL_code/ros2_tutorial_youtube_ws/build/my_robot_controller/install.log'
[6.859s] Invoked command in '/home/dericaugusto/WSL_code/ros2_tutorial_youtube_ws/my_robot_controller' returned '0': PYTHONPATH=/home/dericaugusto/WSL_code/ros2_tutorial_youtube_ws/build/my_robot_controller/prefix_override:/home/dericaugusto/WSL_code/ros2_tutorial_youtube_ws/install/my_robot_controller/lib/python3.10/site-packages:${PYTHONPATH} /usr/bin/python3 setup.py egg_info --egg-base ../build/my_robot_controller build --build-base /home/dericaugusto/WSL_code/ros2_tutorial_youtube_ws/build/my_robot_controller/build install --record /home/dericaugusto/WSL_code/ros2_tutorial_youtube_ws/build/my_robot_controller/install.log --single-version-externally-managed
