[0.976s] Invoking command in '/home/dericaugusto/WSL_code/ros2_tutorial_youtube_ws/build/my_robot_controller': PYTHONPATH=/home/dericaugusto/WSL_code/ros2_tutorial_youtube_ws/build/my_robot_controller/prefix_override:/home/dericaugusto/WSL_code/ros2_tutorial_youtube_ws/install/my_robot_controller/lib/python3.10/site-packages:${PYTHONPATH} /usr/bin/python3 setup.py develop --editable --build-directory /home/dericaugusto/WSL_code/ros2_tutorial_youtube_ws/build/my_robot_controller/build --no-deps install_data
[1.382s] running develop
[1.383s] /usr/lib/python3/dist-packages/setuptools/command/easy_install.py:158: EasyInstallDeprecationWarning: easy_install command is deprecated. Use build and pip and other standards-based tools.
[1.384s]   warnings.warn(
[1.389s] /usr/lib/python3/dist-packages/setuptools/command/install.py:34: SetuptoolsDeprecationWarning: setup.py install is deprecated. Use build and pip and other standards-based tools.
[1.389s]   warnings.warn(
[1.759s] running egg_info
[1.760s] writing my_robot_controller.egg-info/PKG-INFO
[1.760s] writing dependency_links to my_robot_controller.egg-info/dependency_links.txt
[1.761s] writing entry points to my_robot_controller.egg-info/entry_points.txt
[1.761s] writing requirements to my_robot_controller.egg-info/requires.txt
[1.761s] writing top-level names to my_robot_controller.egg-info/top_level.txt
[1.766s] reading manifest file 'my_robot_controller.egg-info/SOURCES.txt'
[1.768s] writing manifest file 'my_robot_controller.egg-info/SOURCES.txt'
[1.771s] running build_ext
[1.771s] Creating /home/dericaugusto/WSL_code/ros2_tutorial_youtube_ws/install/my_robot_controller/lib/python3.10/site-packages/my-robot-controller.egg-link (link to .)
[1.773s] Installing draw_circle script to /home/dericaugusto/WSL_code/ros2_tutorial_youtube_ws/install/my_robot_controller/lib/my_robot_controller
[1.774s] Installing pose_subscriber script to /home/dericaugusto/WSL_code/ros2_tutorial_youtube_ws/install/my_robot_controller/lib/my_robot_controller
[1.774s] Installing test_node script to /home/dericaugusto/WSL_code/ros2_tutorial_youtube_ws/install/my_robot_controller/lib/my_robot_controller
[1.774s] Installing turtle_controller script to /home/dericaugusto/WSL_code/ros2_tutorial_youtube_ws/install/my_robot_controller/lib/my_robot_controller
[1.774s] 
[1.775s] Installed /home/dericaugusto/WSL_code/ros2_tutorial_youtube_ws/build/my_robot_controller
[1.775s] running install_data
[1.823s] Invoked command in '/home/dericaugusto/WSL_code/ros2_tutorial_youtube_ws/build/my_robot_controller' returned '0': PYTHONPATH=/home/dericaugusto/WSL_code/ros2_tutorial_youtube_ws/build/my_robot_controller/prefix_override:/home/dericaugusto/WSL_code/ros2_tutorial_youtube_ws/install/my_robot_controller/lib/python3.10/site-packages:${PYTHONPATH} /usr/bin/python3 setup.py develop --editable --build-directory /home/dericaugusto/WSL_code/ros2_tutorial_youtube_ws/build/my_robot_controller/build --no-deps install_data
