running egg_info
writing ../build/agilexLimoROS2/agilexLimoROS2.egg-info/PKG-INFO
writing dependency_links to ../build/agilexLimoROS2/agilexLimoROS2.egg-info/dependency_links.txt
writing entry points to ../build/agilexLimoROS2/agilexLimoROS2.egg-info/entry_points.txt
writing requirements to ../build/agilexLimoROS2/agilexLimoROS2.egg-info/requires.txt
writing top-level names to ../build/agilexLimoROS2/agilexLimoROS2.egg-info/top_level.txt
reading manifest file '../build/agilexLimoROS2/agilexLimoROS2.egg-info/SOURCES.txt'
writing manifest file '../build/agilexLimoROS2/agilexLimoROS2.egg-info/SOURCES.txt'
running build
running build_py
copying agilexLimoROS2/sensors_publisher_node.py -> /home/dericaugusto/github_rep/agilexLimo/ROS2package/build/agilexLimoROS2/build/lib/agilexLimoROS2
running install
running install_lib
copying /home/dericaugusto/github_rep/agilexLimo/ROS2package/build/agilexLimoROS2/build/lib/agilexLimoROS2/sensors_publisher_node.py -> /home/dericaugusto/github_rep/agilexLimo/ROS2package/install/agilexLimoROS2/lib/python3.10/site-packages/agilexLimoROS2
byte-compiling /home/dericaugusto/github_rep/agilexLimo/ROS2package/install/agilexLimoROS2/lib/python3.10/site-packages/agilexLimoROS2/sensors_publisher_node.py to sensors_publisher_node.cpython-310.pyc
running install_data
running install_egg_info
removing '/home/dericaugusto/github_rep/agilexLimo/ROS2package/install/agilexLimoROS2/lib/python3.10/site-packages/agilexLimoROS2-0.0.0-py3.10.egg-info' (and everything under it)
Copying ../build/agilexLimoROS2/agilexLimoROS2.egg-info to /home/dericaugusto/github_rep/agilexLimo/ROS2package/install/agilexLimoROS2/lib/python3.10/site-packages/agilexLimoROS2-0.0.0-py3.10.egg-info
running install_scripts
Installing test_node script to /home/dericaugusto/github_rep/agilexLimo/ROS2package/install/agilexLimoROS2/lib/agilexLimoROS2
writing list of installed files to '/home/dericaugusto/github_rep/agilexLimo/ROS2package/build/agilexLimoROS2/install.log'
