[0.974s] Invoking command in '/home/dericaugusto/github_rep/agilexLimo/ROS2package/agilexLimoROS2': PYTHONPATH=/home/dericaugusto/github_rep/agilexLimo/ROS2package/build/agilexLimoROS2/prefix_override:/home/dericaugusto/github_rep/agilexLimo/ROS2package/install/agilexLimoROS2/lib/python3.10/site-packages:${PYTHONPATH} /usr/bin/python3 setup.py egg_info --egg-base ../build/agilexLimoROS2 build --build-base /home/dericaugusto/github_rep/agilexLimo/ROS2package/build/agilexLimoROS2/build install --record /home/dericaugusto/github_rep/agilexLimo/ROS2package/build/agilexLimoROS2/install.log --single-version-externally-managed
[1.329s] running egg_info
[1.332s] writing ../build/agilexLimoROS2/agilexLimoROS2.egg-info/PKG-INFO
[1.333s] writing dependency_links to ../build/agilexLimoROS2/agilexLimoROS2.egg-info/dependency_links.txt
[1.334s] writing entry points to ../build/agilexLimoROS2/agilexLimoROS2.egg-info/entry_points.txt
[1.334s] writing requirements to ../build/agilexLimoROS2/agilexLimoROS2.egg-info/requires.txt
[1.335s] writing top-level names to ../build/agilexLimoROS2/agilexLimoROS2.egg-info/top_level.txt
[1.338s] reading manifest file '../build/agilexLimoROS2/agilexLimoROS2.egg-info/SOURCES.txt'
[1.340s] writing manifest file '../build/agilexLimoROS2/agilexLimoROS2.egg-info/SOURCES.txt'
[1.340s] running build
[1.340s] running build_py
[1.340s] copying agilexLimoROS2/sensors_publisher_node.py -> /home/dericaugusto/github_rep/agilexLimo/ROS2package/build/agilexLimoROS2/build/lib/agilexLimoROS2
[1.341s] running install
[1.341s] /usr/lib/python3/dist-packages/setuptools/command/install.py:34: SetuptoolsDeprecationWarning: setup.py install is deprecated. Use build and pip and other standards-based tools.
[1.341s]   warnings.warn(
[1.342s] running install_lib
[1.343s] copying /home/dericaugusto/github_rep/agilexLimo/ROS2package/build/agilexLimoROS2/build/lib/agilexLimoROS2/sensors_publisher_node.py -> /home/dericaugusto/github_rep/agilexLimo/ROS2package/install/agilexLimoROS2/lib/python3.10/site-packages/agilexLimoROS2
[1.345s] byte-compiling /home/dericaugusto/github_rep/agilexLimo/ROS2package/install/agilexLimoROS2/lib/python3.10/site-packages/agilexLimoROS2/sensors_publisher_node.py to sensors_publisher_node.cpython-310.pyc
[1.346s] running install_data
[1.347s] running install_egg_info
[1.349s] removing '/home/dericaugusto/github_rep/agilexLimo/ROS2package/install/agilexLimoROS2/lib/python3.10/site-packages/agilexLimoROS2-0.0.0-py3.10.egg-info' (and everything under it)
[1.350s] Copying ../build/agilexLimoROS2/agilexLimoROS2.egg-info to /home/dericaugusto/github_rep/agilexLimo/ROS2package/install/agilexLimoROS2/lib/python3.10/site-packages/agilexLimoROS2-0.0.0-py3.10.egg-info
[1.352s] running install_scripts
[1.378s] Installing test_node script to /home/dericaugusto/github_rep/agilexLimo/ROS2package/install/agilexLimoROS2/lib/agilexLimoROS2
[1.379s] writing list of installed files to '/home/dericaugusto/github_rep/agilexLimo/ROS2package/build/agilexLimoROS2/install.log'
[1.416s] Invoked command in '/home/dericaugusto/github_rep/agilexLimo/ROS2package/agilexLimoROS2' returned '0': PYTHONPATH=/home/dericaugusto/github_rep/agilexLimo/ROS2package/build/agilexLimoROS2/prefix_override:/home/dericaugusto/github_rep/agilexLimo/ROS2package/install/agilexLimoROS2/lib/python3.10/site-packages:${PYTHONPATH} /usr/bin/python3 setup.py egg_info --egg-base ../build/agilexLimoROS2 build --build-base /home/dericaugusto/github_rep/agilexLimo/ROS2package/build/agilexLimoROS2/build install --record /home/dericaugusto/github_rep/agilexLimo/ROS2package/build/agilexLimoROS2/install.log --single-version-externally-managed
